INFO: Ghidra detected at /run/media/julian/ML2/Python/coreboot/coreboot/util/bios2gpio/ghidra. Enabling analysis.
INFO: bios2gpio - Extracting GPIO from Z690-Steel-Legend_21.01.ROM
INFO: Platform: alderlake
INFO: Step 1: Extracting UEFI modules...
INFO: Extracting BIOS region from /run/media/julian/ML2/Python/coreboot/coreboot/util/bios2gpio/Z690-Steel-Legend_21.01.ROM
INFO: BIOS region extracted to /tmp/bios2gpio_hoa5_qsu/flashregion_1_bios.bin
INFO: UEFI modules extracted to /tmp/bios2gpio_hoa5_qsu/uefi_extracted/Z690-Steel-Legend_21.01.ROM.dump
INFO: Found 83 modules matching patterns (excluding ME/Descriptor)
INFO: Starting Ghidra Analysis using /run/media/julian/ML2/Python/coreboot/coreboot/util/bios2gpio/ghidra...
INFO: Found 5 candidate modules for analysis.
INFO: Analyzing body.bin...
Running Ghidra analysis on /tmp/bios2gpio_hoa5_qsu/uefi_extracted/Z690-Steel-Legend_21.01.ROM.dump/3 BIOS region/6 8C8CE578-8A3D-4F1C-9935-896185C32DD3/0 3417F275-4CF1-42D8-A0C3-B3F60779DF4D/1 Volume image section/0 1B5C27FE-F01C-4FBC-AEAE-341B2E992A17/14 PchInitDxeFsp/1 Compressed section/0 PE32 image section/body.bin...
Command: /run/media/julian/ML2/Python/coreboot/coreboot/util/bios2gpio/ghidra/support/analyzeHeadless /tmp/tmpuo091o7_ temp_ghidra_project -import /tmp/bios2gpio_hoa5_qsu/uefi_extracted/Z690-Steel-Legend_21.01.ROM.dump/3 BIOS region/6 8C8CE578-8A3D-4F1C-9935-896185C32DD3/0 3417F275-4CF1-42D8-A0C3-B3F60779DF4D/1 Volume image section/0 1B5C27FE-F01C-4FBC-AEAE-341B2E992A17/14 PchInitDxeFsp/1 Compressed section/0 PE32 image section/body.bin -scriptPath /run/media/julian/ML2/Python/coreboot/coreboot/util/bios2gpio/ghidra/scripts -postScript find_gpio_tables.py -deleteProject
--- Ghidra Output ---
INFO  Using log config file: jar:file:/run/media/julian/ML2/Python/coreboot/coreboot/util/bios2gpio/ghidra/Ghidra/Framework/Generic/lib/Generic.jar!/generic.log4j.xml (LoggingInitialization)  
INFO  Using log file: /home/julian/.config/ghidra/ghidra_11.3.2_PUBLIC/application.log (LoggingInitialization)  
INFO  Loading user preferences: /home/julian/.config/ghidra/ghidra_11.3.2_PUBLIC/preferences (Preferences)  
INFO  Searching for classes... (ClassSearcher)  
INFO  Class search complete (623 ms) (ClassSearcher)  
INFO  Initializing SSL Context (SSLContextInitializer)  
INFO  Initializing Random Number Generator... (SecureRandomFactory)  
INFO  Random Number Generator initialization complete: NativePRNGNonBlocking (SecureRandomFactory)  
INFO  Trust manager disabled, cacerts have not been set (ApplicationTrustManagerFactory)  
INFO  Headless startup complete (1312 ms) (AnalyzeHeadless)  
INFO  Class searcher loaded 57 extension points (18 false positives) (ClassSearcher)  
INFO  HEADLESS Script Paths:
    /run/media/julian/ML2/Python/coreboot/coreboot/util/bios2gpio/ghidra/Ghidra/Features/Jython/ghidra_scripts
    /run/media/julian/ML2/Python/coreboot/coreboot/util/bios2gpio/ghidra/Ghidra/Features/FileFormats/ghidra_scripts
    /run/media/julian/ML2/Python/coreboot/coreboot/util/bios2gpio/ghidra/Ghidra/Features/BytePatterns/ghidra_scripts
    /run/media/julian/ML2/Python/coreboot/coreboot/util/bios2gpio/ghidra/Ghidra/Features/Base/ghidra_scripts
    /run/media/julian/ML2/Python/coreboot/coreboot/util/bios2gpio/ghidra/Ghidra/Features/DecompilerDependent/ghidra_scripts
    /run/media/julian/ML2/Python/coreboot/coreboot/util/bios2gpio/ghidra/Ghidra/Debug/Debugger/ghidra_scripts
    /run/media/julian/ML2/Python/coreboot/coreboot/util/bios2gpio/ghidra/Ghidra/Features/FunctionID/ghidra_scripts
    /run/media/julian/ML2/Python/coreboot/coreboot/util/bios2gpio/ghidra/Ghidra/Processors/DATA/ghidra_scripts
    /run/media/julian/ML2/Python/coreboot/coreboot/util/bios2gpio/ghidra/Ghidra/Features/WildcardAssembler/ghidra_scripts
    /run/media/julian/ML2/Python/coreboot/coreboot/util/bios2gpio/ghidra/Ghidra/Processors/PIC/ghidra_scripts
    /run/media/julian/ML2/Python/coreboot/coreboot/util/bios2gpio/ghidra/Ghidra/Features/PyGhidra/ghidra_scripts
    /run/media/julian/ML2/Python/coreboot/coreboot/util/bios2gpio/ghidra/Ghidra/Features/SwiftDemangler/ghidra_scripts
    /run/media/julian/ML2/Python/coreboot/coreboot/util/bios2gpio/ghidra/Ghidra/Processors/JVM/ghidra_scripts
    /run/media/julian/ML2/Python/coreboot/coreboot/util/bios2gpio/ghidra/Ghidra/Debug/Debugger-rmi-trace/ghidra_scripts
    /run/media/julian/ML2/Python/coreboot/coreboot/util/bios2gpio/ghidra/Ghidra/Features/PDB/ghidra_scripts
    /run/media/julian/ML2/Python/coreboot/coreboot/util/bios2gpio/ghidra/Ghidra/Processors/8051/ghidra_scripts
    /run/media/julian/ML2/Python/coreboot/coreboot/util/bios2gpio/ghidra/Ghidra/Features/Decompiler/ghidra_scripts
    /run/media/julian/ML2/Python/coreboot/coreboot/util/bios2gpio/ghidra/Ghidra/Features/MicrosoftCodeAnalyzer/ghidra_scripts
    /run/media/julian/ML2/Python/coreboot/coreboot/util/bios2gpio/ghidra/Ghidra/Processors/Atmel/ghidra_scripts
    /run/media/julian/ML2/Python/coreboot/coreboot/util/bios2gpio/ghidra/Ghidra/Features/BSim/ghidra_scripts
    /run/media/julian/ML2/Python/coreboot/coreboot/util/bios2gpio/ghidra/Ghidra/Features/SystemEmulation/ghidra_scripts
    /run/media/julian/ML2/Python/coreboot/coreboot/util/bios2gpio/ghidra/Ghidra/Features/GnuDemangler/ghidra_scripts
    /run/media/julian/ML2/Python/coreboot/coreboot/util/bios2gpio/ghidra/scripts
    /run/media/julian/ML2/Python/coreboot/coreboot/util/bios2gpio/ghidra/Ghidra/Features/VersionTracking/ghidra_scripts (HeadlessAnalyzer)  
INFO  HEADLESS: execution starts (HeadlessAnalyzer)  
INFO  Creating temporary project: /tmp/tmpuo091o7_/temp_ghidra_project (HeadlessAnalyzer)  
INFO  Creating project: /tmp/tmpuo091o7_/temp_ghidra_project (DefaultProject)  
INFO  REPORT: Processing input files:  (HeadlessAnalyzer)  
INFO       project: /tmp/tmpuo091o7_/temp_ghidra_project (HeadlessAnalyzer)  
INFO  IMPORTING: file:///tmp/bios2gpio_hoa5_qsu/uefi_extracted/Z690-Steel-Legend_21.01.ROM.dump/3 BIOS region/6 8C8CE578-8A3D-4F1C-9935-896185C32DD3/0 3417F275-4CF1-42D8-A0C3-B3F60779DF4D/1 Volume image section/0 1B5C27FE-F01C-4FBC-AEAE-341B2E992A17/14 PchInitDxeFsp/1 Compressed section/0 PE32 image section/body.bin (HeadlessAnalyzer)  
WARN  Unusual file alignment: 0x20 (OptionalHeaderImpl)  
INFO  Using Loader: Portable Executable (PE) (AutoImporter)  
INFO  Using Language/Compiler: x86:LE:64:default:windows (AutoImporter)  
INFO  Using Library Search Path: [., /bin, /lib, /lib64, /lib/x86_64-linux-gnu, /lib/aarch64-linux-gnu, /usr/bin, /usr/lib, /usr/X11R6/bin, /usr/X11R6/lib, /usr/java/packages/lib, /usr/lib64] (AutoImporter)  
WARN  Unusual file alignment: 0x20 (OptionalHeaderImpl)  
WARN  File and section alignments identical - possible driver or sectionless image (PeLoader)  
INFO  Additional info:
Loading file:///tmp/bios2gpio_hoa5_qsu/uefi_extracted/Z690-Steel-Legend_21.01.ROM.dump/3 BIOS region/6 8C8CE578-8A3D-4F1C-9935-896185C32DD3/0 3417F275-4CF1-42D8-A0C3-B3F60779DF4D/1 Volume image section/0 1B5C27FE-F01C-4FBC-AEAE-341B2E992A17/14 PchInitDxeFsp/1 Compressed section/0 PE32 image section/body.bin?MD5=cbbfbe5ac2363c84cd792c03679b1d5e...
------------------------------------------------

 (AutoImporter)  
INFO  IMPORTING: Loaded 0 additional files (HeadlessAnalyzer)  
INFO  ANALYZING all memory and code: file:///tmp/bios2gpio_hoa5_qsu/uefi_extracted/Z690-Steel-Legend_21.01.ROM.dump/3 BIOS region/6 8C8CE578-8A3D-4F1C-9935-896185C32DD3/0 3417F275-4CF1-42D8-A0C3-B3F60779DF4D/1 Volume image section/0 1B5C27FE-F01C-4FBC-AEAE-341B2E992A17/14 PchInitDxeFsp/1 Compressed section/0 PE32 image section/body.bin (HeadlessAnalyzer)  
WARN  Unusual file alignment: 0x20 (OptionalHeaderImpl)  
INFO  Skipping PDB processing: missing PDB information in program metadata (PdbUniversalAnalyzer)  
INFO  Packed database cache: /var/tmp/julian-ghidra/packed-db-cache (PackedDatabaseCache)  
INFO  Applied data type archive: windows_vs12_64 (ApplyDataArchiveAnalyzer)  
WARN  ghidra.app.script.GhidraScriptLoadException: The class could not be found. It must be the public class of the .java file: WindowsResourceReference (java file: WindowsResourceReference)  
INFO  -----------------------------------------------------
    ASCII Strings                              0.178 secs
    Apply Data Archives                        0.409 secs
    Call Convention ID                         0.001 secs
    Call-Fixup Installer                       0.000 secs
    Create Address Tables                      0.004 secs
    Create Function                            0.018 secs
    Data Reference                             0.005 secs
    Decompiler Parameter ID                    2.297 secs
    Decompiler Switch Analysis                 0.004 secs
    Demangler Microsoft                        0.005 secs
    Disassemble                                0.068 secs
    Disassemble Entry Points                   0.064 secs
    Disassemble Entry Points - One Time        0.001 secs
    Embedded Media                             0.008 secs
    External Entry References                  0.000 secs
    Function ID                                0.029 secs
    Function Start Search                      0.007 secs
    Non-Returning Functions - Discovered       0.005 secs
    Non-Returning Functions - Known            0.000 secs
    PDB Universal                              0.000 secs
    PE Header Annotation                       0.013 secs
    Reference                                  0.006 secs
    Shared Return Calls                        0.007 secs
    Stack                                      0.129 secs
    Subroutine References                      0.007 secs
    WindowsResourceReference                   0.027 secs
    x86 Constant Reference Analyzer            0.139 secs
-----------------------------------------------------
     Total Time   3 secs
-----------------------------------------------------
 (AutoAnalysisManager)  
INFO  REPORT: Analysis succeeded for file: file:///tmp/bios2gpio_hoa5_qsu/uefi_extracted/Z690-Steel-Legend_21.01.ROM.dump/3 BIOS region/6 8C8CE578-8A3D-4F1C-9935-896185C32DD3/0 3417F275-4CF1-42D8-A0C3-B3F60779DF4D/1 Volume image section/0 1B5C27FE-F01C-4FBC-AEAE-341B2E992A17/14 PchInitDxeFsp/1 Compressed section/0 PE32 image section/body.bin (HeadlessAnalyzer)  
INFO  SCRIPT: /run/media/julian/ML2/Python/coreboot/coreboot/util/bios2gpio/ghidra/scripts/find_gpio_tables.py (HeadlessAnalyzer)  
[*] Searching for GPIO table references and VGPIO_USB_0...
[*] Searching for VGPIO_USB_0 constant (0x40000480)...
[*] Found 0 potential VGPIO_USB_0 configurations:

[*] Searching for GPIO initialization functions...

[*] Analysis complete. Results:
{
  "vgpio_usb_0_candidates": [], 
  "table_references": [], 
  "gpio_functions": []
}

[*] Results saved to /tmp/ghidra_gpio_analysis.json
INFO  ANALYZING changes made by post scripts: file:///tmp/bios2gpio_hoa5_qsu/uefi_extracted/Z690-Steel-Legend_21.01.ROM.dump/3 BIOS region/6 8C8CE578-8A3D-4F1C-9935-896185C32DD3/0 3417F275-4CF1-42D8-A0C3-B3F60779DF4D/1 Volume image section/0 1B5C27FE-F01C-4FBC-AEAE-341B2E992A17/14 PchInitDxeFsp/1 Compressed section/0 PE32 image section/body.bin (HeadlessAnalyzer)  
INFO  REPORT: Post-analysis succeeded for file: file:///tmp/bios2gpio_hoa5_qsu/uefi_extracted/Z690-Steel-Legend_21.01.ROM.dump/3 BIOS region/6 8C8CE578-8A3D-4F1C-9935-896185C32DD3/0 3417F275-4CF1-42D8-A0C3-B3F60779DF4D/1 Volume image section/0 1B5C27FE-F01C-4FBC-AEAE-341B2E992A17/14 PchInitDxeFsp/1 Compressed section/0 PE32 image section/body.bin (HeadlessAnalyzer)  
INFO  REPORT: Save succeeded for: /body.bin (temp_ghidra_project:/body.bin) (HeadlessAnalyzer)  
INFO  REPORT: Import succeeded (HeadlessAnalyzer)  
INFO: Analyzing body.bin...

--- Ghidra Errors ---
openjdk version "25.0.1" 2025-10-21
OpenJDK Runtime Environment (build 25.0.1)
OpenJDK 64-Bit Server VM (build 25.0.1, mixed mode)
WARNING: A terminally deprecated method in sun.misc.Unsafe has been called
WARNING: sun.misc.Unsafe::staticFieldOffset has been called by org.apache.felix.framework.util.SecureAction (file:/run/media/julian/ML2/Python/coreboot/coreboot/util/bios2gpio/ghidra/Ghidra/Features/Base/lib/org.apache.felix.framework-7.0.5.jar)
WARNING: Please consider reporting this to the maintainers of class org.apache.felix.framework.util.SecureAction
WARNING: sun.misc.Unsafe::staticFieldOffset will be removed in a future release
ghidra.app.script.GhidraScriptLoadException: The class could not be found. It must be the public class of the .java file: WindowsResourceReference
	at ghidra.app.script.JavaScriptProvider.getScriptInstance(JavaScriptProvider.java:110)
	at ghidra.app.plugin.prototype.MicrosoftCodeAnalyzerPlugin.WindowsResourceReferenceAnalyzer.runScript(WindowsResourceReferenceAnalyzer.java:97)
	at ghidra.app.plugin.prototype.MicrosoftCodeAnalyzerPlugin.WindowsResourceReferenceAnalyzer.added(WindowsResourceReferenceAnalyzer.java:72)
	at ghidra.app.plugin.core.analysis.AnalysisScheduler.runAnalyzer(AnalysisScheduler.java:186)
	at ghidra.app.plugin.core.analysis.AnalysisTask.applyTo(AnalysisTask.java:37)
	at ghidra.app.plugin.core.analysis.AnalysisTask.applyTo(AnalysisTask.java:24)
	at ghidra.app.plugin.core.analysis.AutoAnalysisManager$AnalysisTaskWrapper.run(AutoAnalysisManager.java:660)
	at ghidra.app.plugin.core.analysis.AutoAnalysisManager.startAnalysis(AutoAnalysisManager.java:760)
	at ghidra.app.plugin.core.analysis.AutoAnalysisManager.startAnalysis(AutoAnalysisManager.java:639)
	at ghidra.app.plugin.core.analysis.AutoAnalysisManager.startAnalysis(AutoAnalysisManager.java:604)
	at ghidra.app.util.headless.HeadlessAnalyzer.analyzeProgram(HeadlessAnalyzer.java:1033)
	at ghidra.app.util.headless.HeadlessAnalyzer.processFileWithImport(HeadlessAnalyzer.java:1563)
	at ghidra.app.util.headless.HeadlessAnalyzer.processWithLoader(HeadlessAnalyzer.java:1745)
	at ghidra.app.util.headless.HeadlessAnalyzer.processWithImport(HeadlessAnalyzer.java:1686)
	at ghidra.app.util.headless.HeadlessAnalyzer.processWithImport(HeadlessAnalyzer.java:1770)
	at ghidra.app.util.headless.HeadlessAnalyzer.processLocal(HeadlessAnalyzer.java:457)
	at ghidra.app.util.headless.AnalyzeHeadless.launch(AnalyzeHeadless.java:198)
	at ghidra.GhidraLauncher.launch(GhidraLauncher.java:81)
	at ghidra.Ghidra.main(Ghidra.java:54)
Caused by: java.lang.ClassNotFoundException: WindowsResourceReference
	at org.apache.felix.framework.Felix.loadBundleClass(Felix.java:2102)
	at org.apache.felix.framework.BundleImpl.loadClass(BundleImpl.java:986)
	at ghidra.app.script.JavaScriptProvider.loadClass(JavaScriptProvider.java:161)
	at ghidra.app.script.JavaScriptProvider.getScriptInstance(JavaScriptProvider.java:96)
	... 18 more
Caused by: org.osgi.framework.BundleException: Unable to resolve d7317bdc [1](R 1.0): missing requirement [d7317bdc [1](R 1.0)] osgi.ee; (osgi.ee=UNKNOWN) Unresolved requirements: [[d7317bdc [1](R 1.0)] osgi.ee; (osgi.ee=UNKNOWN)]
	at org.apache.felix.framework.Felix.resolveBundleRevision(Felix.java:4398)
	at org.apache.felix.framework.Felix.loadBundleClass(Felix.java:2095)
	... 21 more
WARNING: A restricted method in java.lang.System has been called
WARNING: java.lang.System::load has been called by com.kenai.jffi.internal.StubLoader in an unnamed module (file:/run/media/julian/ML2/Python/coreboot/coreboot/util/bios2gpio/ghidra/Ghidra/Features/Jython/lib/jython-standalone-2.7.4.jar)
WARNING: Use --enable-native-access=ALL-UNNAMED to avoid a warning for callers in this module
WARNING: Restricted methods will be blocked in a future release unless native access is enabled



[*] Parsed Ghidra results: 0 VGPIO_USB_0 candidates, 0 GPIO functions
Running Ghidra analysis on /tmp/bios2gpio_hoa5_qsu/uefi_extracted/Z690-Steel-Legend_21.01.ROM.dump/3 BIOS region/6 8C8CE578-8A3D-4F1C-9935-896185C32DD3/0 3417F275-4CF1-42D8-A0C3-B3F60779DF4D/1 Volume image section/0 1B5C27FE-F01C-4FBC-AEAE-341B2E992A17/8 PchInitFspTgl/1 Compressed section/0 PE32 image section/body.bin...
Command: /run/media/julian/ML2/Python/coreboot/coreboot/util/bios2gpio/ghidra/support/analyzeHeadless /tmp/tmpmxpw6692 temp_ghidra_project -import /tmp/bios2gpio_hoa5_qsu/uefi_extracted/Z690-Steel-Legend_21.01.ROM.dump/3 BIOS region/6 8C8CE578-8A3D-4F1C-9935-896185C32DD3/0 3417F275-4CF1-42D8-A0C3-B3F60779DF4D/1 Volume image section/0 1B5C27FE-F01C-4FBC-AEAE-341B2E992A17/8 PchInitFspTgl/1 Compressed section/0 PE32 image section/body.bin -scriptPath /run/media/julian/ML2/Python/coreboot/coreboot/util/bios2gpio/ghidra/scripts -postScript find_gpio_tables.py -deleteProject
--- Ghidra Output ---
INFO  Using log config file: jar:file:/run/media/julian/ML2/Python/coreboot/coreboot/util/bios2gpio/ghidra/Ghidra/Framework/Generic/lib/Generic.jar!/generic.log4j.xml (LoggingInitialization)  
INFO  Using log file: /home/julian/.config/ghidra/ghidra_11.3.2_PUBLIC/application.log (LoggingInitialization)  
INFO  Loading user preferences: /home/julian/.config/ghidra/ghidra_11.3.2_PUBLIC/preferences (Preferences)  
INFO  Searching for classes... (ClassSearcher)  
INFO  Class search complete (619 ms) (ClassSearcher)  
INFO  Initializing SSL Context (SSLContextInitializer)  
INFO  Initializing Random Number Generator... (SecureRandomFactory)  
INFO  Random Number Generator initialization complete: NativePRNGNonBlocking (SecureRandomFactory)  
INFO  Trust manager disabled, cacerts have not been set (ApplicationTrustManagerFactory)  
INFO  Headless startup complete (1280 ms) (AnalyzeHeadless)  
INFO  Class searcher loaded 57 extension points (18 false positives) (ClassSearcher)  
INFO  HEADLESS Script Paths:
    /run/media/julian/ML2/Python/coreboot/coreboot/util/bios2gpio/ghidra/Ghidra/Features/Jython/ghidra_scripts
    /run/media/julian/ML2/Python/coreboot/coreboot/util/bios2gpio/ghidra/Ghidra/Features/FileFormats/ghidra_scripts
    /run/media/julian/ML2/Python/coreboot/coreboot/util/bios2gpio/ghidra/Ghidra/Features/BytePatterns/ghidra_scripts
    /run/media/julian/ML2/Python/coreboot/coreboot/util/bios2gpio/ghidra/Ghidra/Features/Base/ghidra_scripts
    /run/media/julian/ML2/Python/coreboot/coreboot/util/bios2gpio/ghidra/Ghidra/Features/DecompilerDependent/ghidra_scripts
    /run/media/julian/ML2/Python/coreboot/coreboot/util/bios2gpio/ghidra/Ghidra/Debug/Debugger/ghidra_scripts
    /run/media/julian/ML2/Python/coreboot/coreboot/util/bios2gpio/ghidra/Ghidra/Features/FunctionID/ghidra_scripts
    /run/media/julian/ML2/Python/coreboot/coreboot/util/bios2gpio/ghidra/Ghidra/Processors/DATA/ghidra_scripts
    /run/media/julian/ML2/Python/coreboot/coreboot/util/bios2gpio/ghidra/Ghidra/Features/WildcardAssembler/ghidra_scripts
    /run/media/julian/ML2/Python/coreboot/coreboot/util/bios2gpio/ghidra/Ghidra/Processors/PIC/ghidra_scripts
    /run/media/julian/ML2/Python/coreboot/coreboot/util/bios2gpio/ghidra/Ghidra/Features/PyGhidra/ghidra_scripts
    /run/media/julian/ML2/Python/coreboot/coreboot/util/bios2gpio/ghidra/Ghidra/Features/SwiftDemangler/ghidra_scripts
    /run/media/julian/ML2/Python/coreboot/coreboot/util/bios2gpio/ghidra/Ghidra/Processors/JVM/ghidra_scripts
    /run/media/julian/ML2/Python/coreboot/coreboot/util/bios2gpio/ghidra/Ghidra/Debug/Debugger-rmi-trace/ghidra_scripts
    /run/media/julian/ML2/Python/coreboot/coreboot/util/bios2gpio/ghidra/Ghidra/Features/PDB/ghidra_scripts
    /run/media/julian/ML2/Python/coreboot/coreboot/util/bios2gpio/ghidra/Ghidra/Processors/8051/ghidra_scripts
    /run/media/julian/ML2/Python/coreboot/coreboot/util/bios2gpio/ghidra/Ghidra/Features/Decompiler/ghidra_scripts
    /run/media/julian/ML2/Python/coreboot/coreboot/util/bios2gpio/ghidra/Ghidra/Features/MicrosoftCodeAnalyzer/ghidra_scripts
    /run/media/julian/ML2/Python/coreboot/coreboot/util/bios2gpio/ghidra/Ghidra/Processors/Atmel/ghidra_scripts
    /run/media/julian/ML2/Python/coreboot/coreboot/util/bios2gpio/ghidra/Ghidra/Features/BSim/ghidra_scripts
    /run/media/julian/ML2/Python/coreboot/coreboot/util/bios2gpio/ghidra/Ghidra/Features/SystemEmulation/ghidra_scripts
    /run/media/julian/ML2/Python/coreboot/coreboot/util/bios2gpio/ghidra/Ghidra/Features/GnuDemangler/ghidra_scripts
    /run/media/julian/ML2/Python/coreboot/coreboot/util/bios2gpio/ghidra/scripts
    /run/media/julian/ML2/Python/coreboot/coreboot/util/bios2gpio/ghidra/Ghidra/Features/VersionTracking/ghidra_scripts (HeadlessAnalyzer)  
INFO  HEADLESS: execution starts (HeadlessAnalyzer)  
INFO  Creating temporary project: /tmp/tmpmxpw6692/temp_ghidra_project (HeadlessAnalyzer)  
INFO  Creating project: /tmp/tmpmxpw6692/temp_ghidra_project (DefaultProject)  
INFO  REPORT: Processing input files:  (HeadlessAnalyzer)  
INFO       project: /tmp/tmpmxpw6692/temp_ghidra_project (HeadlessAnalyzer)  
INFO  IMPORTING: file:///tmp/bios2gpio_hoa5_qsu/uefi_extracted/Z690-Steel-Legend_21.01.ROM.dump/3 BIOS region/6 8C8CE578-8A3D-4F1C-9935-896185C32DD3/0 3417F275-4CF1-42D8-A0C3-B3F60779DF4D/1 Volume image section/0 1B5C27FE-F01C-4FBC-AEAE-341B2E992A17/8 PchInitFspTgl/1 Compressed section/0 PE32 image section/body.bin (HeadlessAnalyzer)  
WARN  Unusual file alignment: 0x20 (OptionalHeaderImpl)  
INFO  Using Loader: Portable Executable (PE) (AutoImporter)  
INFO  Using Language/Compiler: x86:LE:32:default:windows (AutoImporter)  
INFO  Using Library Search Path: [., /bin, /lib, /lib64, /lib/x86_64-linux-gnu, /lib/aarch64-linux-gnu, /usr/bin, /usr/lib, /usr/X11R6/bin, /usr/X11R6/lib, /usr/java/packages/lib, /usr/lib64] (AutoImporter)  
WARN  Unusual file alignment: 0x20 (OptionalHeaderImpl)  
WARN  File and section alignments identical - possible driver or sectionless image (PeLoader)  
INFO  Additional info:
Loading file:///tmp/bios2gpio_hoa5_qsu/uefi_extracted/Z690-Steel-Legend_21.01.ROM.dump/3 BIOS region/6 8C8CE578-8A3D-4F1C-9935-896185C32DD3/0 3417F275-4CF1-42D8-A0C3-B3F60779DF4D/1 Volume image section/0 1B5C27FE-F01C-4FBC-AEAE-341B2E992A17/8 PchInitFspTgl/1 Compressed section/0 PE32 image section/body.bin?MD5=9940e07690a1a5a330f1156b1dcc9f36...
------------------------------------------------

 (AutoImporter)  
INFO  IMPORTING: Loaded 0 additional files (HeadlessAnalyzer)  
INFO  ANALYZING all memory and code: file:///tmp/bios2gpio_hoa5_qsu/uefi_extracted/Z690-Steel-Legend_21.01.ROM.dump/3 BIOS region/6 8C8CE578-8A3D-4F1C-9935-896185C32DD3/0 3417F275-4CF1-42D8-A0C3-B3F60779DF4D/1 Volume image section/0 1B5C27FE-F01C-4FBC-AEAE-341B2E992A17/8 PchInitFspTgl/1 Compressed section/0 PE32 image section/body.bin (HeadlessAnalyzer)  
WARN  Unusual file alignment: 0x20 (OptionalHeaderImpl)  
INFO  Skipping PDB processing: missing PDB information in program metadata (PdbUniversalAnalyzer)  
INFO  Packed database cache: /var/tmp/julian-ghidra/packed-db-cache (PackedDatabaseCache)  
INFO  Applied data type archive: windows_vs12_32 (ApplyDataArchiveAnalyzer)  
WARN  ghidra.app.script.GhidraScriptLoadException: The class could not be found. It must be the public class of the .java file: WindowsResourceReference (java file: WindowsResourceReference)  
INFO  -----------------------------------------------------
    ASCII Strings                              0.225 secs
    Apply Data Archives                        0.432 secs
    Call Convention ID                         0.001 secs
    Call-Fixup Installer                       0.001 secs
    Create Address Tables                      0.002 secs
    Create Function                            0.017 secs
    Data Reference                             0.001 secs
    Decompiler Parameter ID                    2.291 secs
    Decompiler Switch Analysis                 0.002 secs
    Demangler Microsoft                        0.006 secs
    Disassemble                                0.059 secs
    Disassemble Entry Points                   0.042 secs
    Disassemble Entry Points - One Time        0.000 secs
    Embedded Media                             0.008 secs
    External Entry References                  0.000 secs
    Function ID                                0.021 secs
    Function Start Pre Search                  0.004 secs
    Function Start Search                      0.011 secs
    Function Start Search After Code           0.001 secs
    Function Start Search After Data           0.002 secs
    Non-Returning Functions - Discovered       0.003 secs
    Non-Returning Functions - Known            0.001 secs
    PDB Universal                              0.001 secs
    PE Header Annotation                       0.014 secs
    Reference                                  0.002 secs
    Shared Return Calls                        0.006 secs
    Stack                                      0.061 secs
    Subroutine References                      0.003 secs
    WindowsResourceReference                   0.027 secs
    X86 Function Callee Purge                  0.003 secs
    x86 Constant Reference Analyzer            0.078 secs
-----------------------------------------------------
     Total Time   3 secs
-----------------------------------------------------
 (AutoAnalysisManager)  
INFO  REPORT: Analysis succeeded for file: file:///tmp/bios2gpio_hoa5_qsu/uefi_extracted/Z690-Steel-Legend_21.01.ROM.dump/3 BIOS region/6 8C8CE578-8A3D-4F1C-9935-896185C32DD3/0 3417F275-4CF1-42D8-A0C3-B3F60779DF4D/1 Volume image section/0 1B5C27FE-F01C-4FBC-AEAE-341B2E992A17/8 PchInitFspTgl/1 Compressed section/0 PE32 image section/body.bin (HeadlessAnalyzer)  
INFO  SCRIPT: /run/media/julian/ML2/Python/coreboot/coreboot/util/bios2gpio/ghidra/scripts/find_gpio_tables.py (HeadlessAnalyzer)  
[*] Searching for GPIO table references and VGPIO_USB_0...
[*] Searching for VGPIO_USB_0 constant (0x40000480)...
[*] Found 2 potential VGPIO_USB_0 configurations:
    - 00000538: 0x40000000
    - 00000674: 0x4000000d

[*] Searching for GPIO initialization functions...

[*] Analysis complete. Results:
{
  "vgpio_usb_0_candidates": [
    {
      "address": "00000538", 
      "references": [], 
      "value": "0x40000000"
    }, 
    {
      "address": "00000674", 
      "references": [], 
      "value": "0x4000000d"
    }
  ], 
  "table_references": [], 
  "gpio_functions": []
}

[*] Results saved to /tmp/ghidra_gpio_analysis.json
INFO  ANALYZING changes made by post scripts: file:///tmp/bios2gpio_hoa5_qsu/uefi_extracted/Z690-Steel-Legend_21.01.ROM.dump/3 BIOS region/6 8C8CE578-8A3D-4F1C-9935-896185C32DD3/0 3417F275-4CF1-42D8-A0C3-B3F60779DF4D/1 Volume image section/0 1B5C27FE-F01C-4FBC-AEAE-341B2E992A17/8 PchInitFspTgl/1 Compressed section/0 PE32 image section/body.bin (HeadlessAnalyzer)  
INFO  REPORT: Post-analysis succeeded for file: file:///tmp/bios2gpio_hoa5_qsu/uefi_extracted/Z690-Steel-Legend_21.01.ROM.dump/3 BIOS region/6 8C8CE578-8A3D-4F1C-9935-896185C32DD3/0 3417F275-4CF1-42D8-A0C3-B3F60779DF4D/1 Volume image section/0 1B5C27FE-F01C-4FBC-AEAE-341B2E992A17/8 PchInitFspTgl/1 Compressed section/0 PE32 image section/body.bin (HeadlessAnalyzer)  
INFO  REPORT: Save succeeded for: /body.bin (temp_ghidra_project:/body.bin) (HeadlessAnalyzer)  
INFO  REPORT: Import succeeded (HeadlessAnalyzer)  
INFO: Analyzing body.bin...

--- Ghidra Errors ---
openjdk version "25.0.1" 2025-10-21
OpenJDK Runtime Environment (build 25.0.1)
OpenJDK 64-Bit Server VM (build 25.0.1, mixed mode)
WARNING: A terminally deprecated method in sun.misc.Unsafe has been called
WARNING: sun.misc.Unsafe::staticFieldOffset has been called by org.apache.felix.framework.util.SecureAction (file:/run/media/julian/ML2/Python/coreboot/coreboot/util/bios2gpio/ghidra/Ghidra/Features/Base/lib/org.apache.felix.framework-7.0.5.jar)
WARNING: Please consider reporting this to the maintainers of class org.apache.felix.framework.util.SecureAction
WARNING: sun.misc.Unsafe::staticFieldOffset will be removed in a future release
ghidra.app.script.GhidraScriptLoadException: The class could not be found. It must be the public class of the .java file: WindowsResourceReference
	at ghidra.app.script.JavaScriptProvider.getScriptInstance(JavaScriptProvider.java:110)
	at ghidra.app.plugin.prototype.MicrosoftCodeAnalyzerPlugin.WindowsResourceReferenceAnalyzer.runScript(WindowsResourceReferenceAnalyzer.java:97)
	at ghidra.app.plugin.prototype.MicrosoftCodeAnalyzerPlugin.WindowsResourceReferenceAnalyzer.added(WindowsResourceReferenceAnalyzer.java:72)
	at ghidra.app.plugin.core.analysis.AnalysisScheduler.runAnalyzer(AnalysisScheduler.java:186)
	at ghidra.app.plugin.core.analysis.AnalysisTask.applyTo(AnalysisTask.java:37)
	at ghidra.app.plugin.core.analysis.AnalysisTask.applyTo(AnalysisTask.java:24)
	at ghidra.app.plugin.core.analysis.AutoAnalysisManager$AnalysisTaskWrapper.run(AutoAnalysisManager.java:660)
	at ghidra.app.plugin.core.analysis.AutoAnalysisManager.startAnalysis(AutoAnalysisManager.java:760)
	at ghidra.app.plugin.core.analysis.AutoAnalysisManager.startAnalysis(AutoAnalysisManager.java:639)
	at ghidra.app.plugin.core.analysis.AutoAnalysisManager.startAnalysis(AutoAnalysisManager.java:604)
	at ghidra.app.util.headless.HeadlessAnalyzer.analyzeProgram(HeadlessAnalyzer.java:1033)
	at ghidra.app.util.headless.HeadlessAnalyzer.processFileWithImport(HeadlessAnalyzer.java:1563)
	at ghidra.app.util.headless.HeadlessAnalyzer.processWithLoader(HeadlessAnalyzer.java:1745)
	at ghidra.app.util.headless.HeadlessAnalyzer.processWithImport(HeadlessAnalyzer.java:1686)
	at ghidra.app.util.headless.HeadlessAnalyzer.processWithImport(HeadlessAnalyzer.java:1770)
	at ghidra.app.util.headless.HeadlessAnalyzer.processLocal(HeadlessAnalyzer.java:457)
	at ghidra.app.util.headless.AnalyzeHeadless.launch(AnalyzeHeadless.java:198)
	at ghidra.GhidraLauncher.launch(GhidraLauncher.java:81)
	at ghidra.Ghidra.main(Ghidra.java:54)
Caused by: java.lang.ClassNotFoundException: WindowsResourceReference
	at org.apache.felix.framework.Felix.loadBundleClass(Felix.java:2102)
	at org.apache.felix.framework.BundleImpl.loadClass(BundleImpl.java:986)
	at ghidra.app.script.JavaScriptProvider.loadClass(JavaScriptProvider.java:161)
	at ghidra.app.script.JavaScriptProvider.getScriptInstance(JavaScriptProvider.java:96)
	... 18 more
Caused by: org.osgi.framework.BundleException: Unable to resolve d7317bdc [1](R 1.0): missing requirement [d7317bdc [1](R 1.0)] osgi.ee; (osgi.ee=UNKNOWN) Unresolved requirements: [[d7317bdc [1](R 1.0)] osgi.ee; (osgi.ee=UNKNOWN)]
	at org.apache.felix.framework.Felix.resolveBundleRevision(Felix.java:4398)
	at org.apache.felix.framework.Felix.loadBundleClass(Felix.java:2095)
	... 21 more
WARNING: A restricted method in java.lang.System has been called
WARNING: java.lang.System::load has been called by com.kenai.jffi.internal.StubLoader in an unnamed module (file:/run/media/julian/ML2/Python/coreboot/coreboot/util/bios2gpio/ghidra/Ghidra/Features/Jython/lib/jython-standalone-2.7.4.jar)
WARNING: Use --enable-native-access=ALL-UNNAMED to avoid a warning for callers in this module
WARNING: Restricted methods will be blocked in a future release unless native access is enabled



[*] Parsed Ghidra results: 2 VGPIO_USB_0 candidates, 0 GPIO functions
Running Ghidra analysis on /tmp/bios2gpio_hoa5_qsu/uefi_extracted/Z690-Steel-Legend_21.01.ROM.dump/3 BIOS region/2 4F1C52D3-D824-4D2A-A2F0-EC40C23C5916/2 9E21FD93-9C72-4C15-8C4B-E77F1DB2D792/0 EE4E5898-3914-4259-9D6E-DC7BD79403CF/1 Volume image section/0 5C60F367-A505-419A-859E-2A4FF6CA6FE5/216 PchInitSmm/1 PE32 image section/body.bin...
Command: /run/media/julian/ML2/Python/coreboot/coreboot/util/bios2gpio/ghidra/support/analyzeHeadless /tmp/tmpwtk8lmbf temp_ghidra_project -import /tmp/bios2gpio_hoa5_qsu/uefi_extracted/Z690-Steel-Legend_21.01.ROM.dump/3 BIOS region/2 4F1C52D3-D824-4D2A-A2F0-EC40C23C5916/2 9E21FD93-9C72-4C15-8C4B-E77F1DB2D792/0 EE4E5898-3914-4259-9D6E-DC7BD79403CF/1 Volume image section/0 5C60F367-A505-419A-859E-2A4FF6CA6FE5/216 PchInitSmm/1 PE32 image section/body.bin -scriptPath /run/media/julian/ML2/Python/coreboot/coreboot/util/bios2gpio/ghidra/scripts -postScript find_gpio_tables.py -deleteProject
--- Ghidra Output ---
INFO  Using log config file: jar:file:/run/media/julian/ML2/Python/coreboot/coreboot/util/bios2gpio/ghidra/Ghidra/Framework/Generic/lib/Generic.jar!/generic.log4j.xml (LoggingInitialization)  
INFO  Using log file: /home/julian/.config/ghidra/ghidra_11.3.2_PUBLIC/application.log (LoggingInitialization)  
INFO  Loading user preferences: /home/julian/.config/ghidra/ghidra_11.3.2_PUBLIC/preferences (Preferences)  
INFO  Searching for classes... (ClassSearcher)  
INFO  Class search complete (615 ms) (ClassSearcher)  
INFO  Initializing SSL Context (SSLContextInitializer)  
INFO  Initializing Random Number Generator... (SecureRandomFactory)  
INFO  Random Number Generator initialization complete: NativePRNGNonBlocking (SecureRandomFactory)  
INFO  Trust manager disabled, cacerts have not been set (ApplicationTrustManagerFactory)  
INFO  Headless startup complete (1309 ms) (AnalyzeHeadless)  
INFO  Class searcher loaded 57 extension points (18 false positives) (ClassSearcher)  
INFO  HEADLESS Script Paths:
    /run/media/julian/ML2/Python/coreboot/coreboot/util/bios2gpio/ghidra/Ghidra/Features/Jython/ghidra_scripts
    /run/media/julian/ML2/Python/coreboot/coreboot/util/bios2gpio/ghidra/Ghidra/Features/FileFormats/ghidra_scripts
    /run/media/julian/ML2/Python/coreboot/coreboot/util/bios2gpio/ghidra/Ghidra/Features/BytePatterns/ghidra_scripts
    /run/media/julian/ML2/Python/coreboot/coreboot/util/bios2gpio/ghidra/Ghidra/Features/Base/ghidra_scripts
    /run/media/julian/ML2/Python/coreboot/coreboot/util/bios2gpio/ghidra/Ghidra/Features/DecompilerDependent/ghidra_scripts
    /run/media/julian/ML2/Python/coreboot/coreboot/util/bios2gpio/ghidra/Ghidra/Debug/Debugger/ghidra_scripts
    /run/media/julian/ML2/Python/coreboot/coreboot/util/bios2gpio/ghidra/Ghidra/Features/FunctionID/ghidra_scripts
    /run/media/julian/ML2/Python/coreboot/coreboot/util/bios2gpio/ghidra/Ghidra/Processors/DATA/ghidra_scripts
    /run/media/julian/ML2/Python/coreboot/coreboot/util/bios2gpio/ghidra/Ghidra/Features/WildcardAssembler/ghidra_scripts
    /run/media/julian/ML2/Python/coreboot/coreboot/util/bios2gpio/ghidra/Ghidra/Processors/PIC/ghidra_scripts
    /run/media/julian/ML2/Python/coreboot/coreboot/util/bios2gpio/ghidra/Ghidra/Features/PyGhidra/ghidra_scripts
    /run/media/julian/ML2/Python/coreboot/coreboot/util/bios2gpio/ghidra/Ghidra/Features/SwiftDemangler/ghidra_scripts
    /run/media/julian/ML2/Python/coreboot/coreboot/util/bios2gpio/ghidra/Ghidra/Processors/JVM/ghidra_scripts
    /run/media/julian/ML2/Python/coreboot/coreboot/util/bios2gpio/ghidra/Ghidra/Debug/Debugger-rmi-trace/ghidra_scripts
    /run/media/julian/ML2/Python/coreboot/coreboot/util/bios2gpio/ghidra/Ghidra/Features/PDB/ghidra_scripts
    /run/media/julian/ML2/Python/coreboot/coreboot/util/bios2gpio/ghidra/Ghidra/Processors/8051/ghidra_scripts
    /run/media/julian/ML2/Python/coreboot/coreboot/util/bios2gpio/ghidra/Ghidra/Features/Decompiler/ghidra_scripts
    /run/media/julian/ML2/Python/coreboot/coreboot/util/bios2gpio/ghidra/Ghidra/Features/MicrosoftCodeAnalyzer/ghidra_scripts
    /run/media/julian/ML2/Python/coreboot/coreboot/util/bios2gpio/ghidra/Ghidra/Processors/Atmel/ghidra_scripts
    /run/media/julian/ML2/Python/coreboot/coreboot/util/bios2gpio/ghidra/Ghidra/Features/BSim/ghidra_scripts
    /run/media/julian/ML2/Python/coreboot/coreboot/util/bios2gpio/ghidra/Ghidra/Features/SystemEmulation/ghidra_scripts
    /run/media/julian/ML2/Python/coreboot/coreboot/util/bios2gpio/ghidra/Ghidra/Features/GnuDemangler/ghidra_scripts
    /run/media/julian/ML2/Python/coreboot/coreboot/util/bios2gpio/ghidra/scripts
    /run/media/julian/ML2/Python/coreboot/coreboot/util/bios2gpio/ghidra/Ghidra/Features/VersionTracking/ghidra_scripts (HeadlessAnalyzer)  
INFO  HEADLESS: execution starts (HeadlessAnalyzer)  
INFO  Creating temporary project: /tmp/tmpwtk8lmbf/temp_ghidra_project (HeadlessAnalyzer)  
INFO  Creating project: /tmp/tmpwtk8lmbf/temp_ghidra_project (DefaultProject)  
INFO  REPORT: Processing input files:  (HeadlessAnalyzer)  
INFO       project: /tmp/tmpwtk8lmbf/temp_ghidra_project (HeadlessAnalyzer)  
INFO  IMPORTING: file:///tmp/bios2gpio_hoa5_qsu/uefi_extracted/Z690-Steel-Legend_21.01.ROM.dump/3 BIOS region/2 4F1C52D3-D824-4D2A-A2F0-EC40C23C5916/2 9E21FD93-9C72-4C15-8C4B-E77F1DB2D792/0 EE4E5898-3914-4259-9D6E-DC7BD79403CF/1 Volume image section/0 5C60F367-A505-419A-859E-2A4FF6CA6FE5/216 PchInitSmm/1 PE32 image section/body.bin (HeadlessAnalyzer)  
INFO  Using Loader: Portable Executable (PE) (AutoImporter)  
INFO  Using Language/Compiler: x86:LE:64:default:windows (AutoImporter)  
INFO  Using Library Search Path: [., /bin, /lib, /lib64, /lib/x86_64-linux-gnu, /lib/aarch64-linux-gnu, /usr/bin, /usr/lib, /usr/X11R6/bin, /usr/X11R6/lib, /usr/java/packages/lib, /usr/lib64] (AutoImporter)  
INFO  Additional info:
Loading file:///tmp/bios2gpio_hoa5_qsu/uefi_extracted/Z690-Steel-Legend_21.01.ROM.dump/3 BIOS region/2 4F1C52D3-D824-4D2A-A2F0-EC40C23C5916/2 9E21FD93-9C72-4C15-8C4B-E77F1DB2D792/0 EE4E5898-3914-4259-9D6E-DC7BD79403CF/1 Volume image section/0 5C60F367-A505-419A-859E-2A4FF6CA6FE5/216 PchInitSmm/1 PE32 image section/body.bin?MD5=a8e2c4d5b5270a764963f22fbd354f38...
------------------------------------------------

 (AutoImporter)  
INFO  IMPORTING: Loaded 0 additional files (HeadlessAnalyzer)  
INFO  ANALYZING all memory and code: file:///tmp/bios2gpio_hoa5_qsu/uefi_extracted/Z690-Steel-Legend_21.01.ROM.dump/3 BIOS region/2 4F1C52D3-D824-4D2A-A2F0-EC40C23C5916/2 9E21FD93-9C72-4C15-8C4B-E77F1DB2D792/0 EE4E5898-3914-4259-9D6E-DC7BD79403CF/1 Volume image section/0 5C60F367-A505-419A-859E-2A4FF6CA6FE5/216 PchInitSmm/1 PE32 image section/body.bin (HeadlessAnalyzer)  
ERROR Invalid DebugDirectory (DebugDirectory)  
INFO  Skipping PDB processing: missing PDB information in program metadata (PdbUniversalAnalyzer)  
INFO  Packed database cache: /var/tmp/julian-ghidra/packed-db-cache (PackedDatabaseCache)  
INFO  Applied data type archive: windows_vs12_64 (ApplyDataArchiveAnalyzer)  
WARN  ghidra.app.script.GhidraScriptLoadException: The class could not be found. It must be the public class of the .java file: WindowsResourceReference (java file: WindowsResourceReference)  
INFO  -----------------------------------------------------
    ASCII Strings                              0.212 secs
    Apply Data Archives                        0.380 secs
    Call Convention ID                         0.001 secs
    Call-Fixup Installer                       0.001 secs
    Create Address Tables                      0.043 secs
    Create Address Tables - One Time           0.012 secs
    Create Function                            0.036 secs
    Data Reference                             0.010 secs
    Decompiler Parameter ID                    2.350 secs
    Decompiler Switch Analysis                 0.932 secs
    Demangler Microsoft                        0.004 secs
    Disassemble                                0.126 secs
    Disassemble Entry Points                   0.108 secs
    Embedded Media                             0.011 secs
    External Entry References                  0.000 secs
    Function ID                                0.068 secs
    Function Start Search                      0.005 secs
    Non-Returning Functions - Discovered       0.008 secs
    Non-Returning Functions - Known            0.001 secs
    PDB Universal                              0.002 secs
    PE Header Annotation                       0.011 secs
    Reference                                  0.015 secs
    Shared Return Calls                        0.015 secs
    Stack                                      0.196 secs
    Subroutine References                      0.016 secs
    WindowsResourceReference                   0.029 secs
    x86 Constant Reference Analyzer            0.214 secs
-----------------------------------------------------
     Total Time   4 secs
-----------------------------------------------------
 (AutoAnalysisManager)  
INFO  REPORT: Analysis succeeded for file: file:///tmp/bios2gpio_hoa5_qsu/uefi_extracted/Z690-Steel-Legend_21.01.ROM.dump/3 BIOS region/2 4F1C52D3-D824-4D2A-A2F0-EC40C23C5916/2 9E21FD93-9C72-4C15-8C4B-E77F1DB2D792/0 EE4E5898-3914-4259-9D6E-DC7BD79403CF/1 Volume image section/0 5C60F367-A505-419A-859E-2A4FF6CA6FE5/216 PchInitSmm/1 PE32 image section/body.bin (HeadlessAnalyzer)  
INFO  SCRIPT: /run/media/julian/ML2/Python/coreboot/coreboot/util/bios2gpio/ghidra/scripts/find_gpio_tables.py (HeadlessAnalyzer)  
[*] Searching for GPIO table references and VGPIO_USB_0...
[*] Searching for VGPIO_USB_0 constant (0x40000480)...
[*] Found 1 potential VGPIO_USB_0 configurations:
    - 00002a74: 0x400000bf

[*] Searching for GPIO initialization functions...

[*] Analysis complete. Results:
{
  "vgpio_usb_0_candidates": [
    {
      "address": "00002a74", 
      "references": [], 
      "value": "0x400000bf"
    }
  ], 
  "table_references": [], 
  "gpio_functions": []
}

[*] Results saved to /tmp/ghidra_gpio_analysis.json
INFO  ANALYZING changes made by post scripts: file:///tmp/bios2gpio_hoa5_qsu/uefi_extracted/Z690-Steel-Legend_21.01.ROM.dump/3 BIOS region/2 4F1C52D3-D824-4D2A-A2F0-EC40C23C5916/2 9E21FD93-9C72-4C15-8C4B-E77F1DB2D792/0 EE4E5898-3914-4259-9D6E-DC7BD79403CF/1 Volume image section/0 5C60F367-A505-419A-859E-2A4FF6CA6FE5/216 PchInitSmm/1 PE32 image section/body.bin (HeadlessAnalyzer)  
INFO  REPORT: Post-analysis succeeded for file: file:///tmp/bios2gpio_hoa5_qsu/uefi_extracted/Z690-Steel-Legend_21.01.ROM.dump/3 BIOS region/2 4F1C52D3-D824-4D2A-A2F0-EC40C23C5916/2 9E21FD93-9C72-4C15-8C4B-E77F1DB2D792/0 EE4E5898-3914-4259-9D6E-DC7BD79403CF/1 Volume image section/0 5C60F367-A505-419A-859E-2A4FF6CA6FE5/216 PchInitSmm/1 PE32 image section/body.bin (HeadlessAnalyzer)  
INFO  REPORT: Save succeeded for: /body.bin (temp_ghidra_project:/body.bin) (HeadlessAnalyzer)  
INFO  REPORT: Import succeeded (HeadlessAnalyzer)  
INFO: Analyzing body.bin...

--- Ghidra Errors ---
openjdk version "25.0.1" 2025-10-21
OpenJDK Runtime Environment (build 25.0.1)
OpenJDK 64-Bit Server VM (build 25.0.1, mixed mode)
WARNING: A terminally deprecated method in sun.misc.Unsafe has been called
WARNING: sun.misc.Unsafe::staticFieldOffset has been called by org.apache.felix.framework.util.SecureAction (file:/run/media/julian/ML2/Python/coreboot/coreboot/util/bios2gpio/ghidra/Ghidra/Features/Base/lib/org.apache.felix.framework-7.0.5.jar)
WARNING: Please consider reporting this to the maintainers of class org.apache.felix.framework.util.SecureAction
WARNING: sun.misc.Unsafe::staticFieldOffset will be removed in a future release
ghidra.app.script.GhidraScriptLoadException: The class could not be found. It must be the public class of the .java file: WindowsResourceReference
	at ghidra.app.script.JavaScriptProvider.getScriptInstance(JavaScriptProvider.java:110)
	at ghidra.app.plugin.prototype.MicrosoftCodeAnalyzerPlugin.WindowsResourceReferenceAnalyzer.runScript(WindowsResourceReferenceAnalyzer.java:97)
	at ghidra.app.plugin.prototype.MicrosoftCodeAnalyzerPlugin.WindowsResourceReferenceAnalyzer.added(WindowsResourceReferenceAnalyzer.java:72)
	at ghidra.app.plugin.core.analysis.AnalysisScheduler.runAnalyzer(AnalysisScheduler.java:186)
	at ghidra.app.plugin.core.analysis.AnalysisTask.applyTo(AnalysisTask.java:37)
	at ghidra.app.plugin.core.analysis.AnalysisTask.applyTo(AnalysisTask.java:24)
	at ghidra.app.plugin.core.analysis.AutoAnalysisManager$AnalysisTaskWrapper.run(AutoAnalysisManager.java:660)
	at ghidra.app.plugin.core.analysis.AutoAnalysisManager.startAnalysis(AutoAnalysisManager.java:760)
	at ghidra.app.plugin.core.analysis.AutoAnalysisManager.startAnalysis(AutoAnalysisManager.java:639)
	at ghidra.app.plugin.core.analysis.AutoAnalysisManager.startAnalysis(AutoAnalysisManager.java:604)
	at ghidra.app.util.headless.HeadlessAnalyzer.analyzeProgram(HeadlessAnalyzer.java:1033)
	at ghidra.app.util.headless.HeadlessAnalyzer.processFileWithImport(HeadlessAnalyzer.java:1563)
	at ghidra.app.util.headless.HeadlessAnalyzer.processWithLoader(HeadlessAnalyzer.java:1745)
	at ghidra.app.util.headless.HeadlessAnalyzer.processWithImport(HeadlessAnalyzer.java:1686)
	at ghidra.app.util.headless.HeadlessAnalyzer.processWithImport(HeadlessAnalyzer.java:1770)
	at ghidra.app.util.headless.HeadlessAnalyzer.processLocal(HeadlessAnalyzer.java:457)
	at ghidra.app.util.headless.AnalyzeHeadless.launch(AnalyzeHeadless.java:198)
	at ghidra.GhidraLauncher.launch(GhidraLauncher.java:81)
	at ghidra.Ghidra.main(Ghidra.java:54)
Caused by: java.lang.ClassNotFoundException: WindowsResourceReference
	at org.apache.felix.framework.Felix.loadBundleClass(Felix.java:2102)
	at org.apache.felix.framework.BundleImpl.loadClass(BundleImpl.java:986)
	at ghidra.app.script.JavaScriptProvider.loadClass(JavaScriptProvider.java:161)
	at ghidra.app.script.JavaScriptProvider.getScriptInstance(JavaScriptProvider.java:96)
	... 18 more
Caused by: org.osgi.framework.BundleException: Unable to resolve d7317bdc [1](R 1.0): missing requirement [d7317bdc [1](R 1.0)] osgi.ee; (osgi.ee=UNKNOWN) Unresolved requirements: [[d7317bdc [1](R 1.0)] osgi.ee; (osgi.ee=UNKNOWN)]
	at org.apache.felix.framework.Felix.resolveBundleRevision(Felix.java:4398)
	at org.apache.felix.framework.Felix.loadBundleClass(Felix.java:2095)
	... 21 more
WARNING: A restricted method in java.lang.System has been called
WARNING: java.lang.System::load has been called by com.kenai.jffi.internal.StubLoader in an unnamed module (file:/run/media/julian/ML2/Python/coreboot/coreboot/util/bios2gpio/ghidra/Ghidra/Features/Jython/lib/jython-standalone-2.7.4.jar)
WARNING: Use --enable-native-access=ALL-UNNAMED to avoid a warning for callers in this module
WARNING: Restricted methods will be blocked in a future release unless native access is enabled



[*] Parsed Ghidra results: 1 VGPIO_USB_0 candidates, 0 GPIO functions
Running Ghidra analysis on /tmp/bios2gpio_hoa5_qsu/uefi_extracted/Z690-Steel-Legend_21.01.ROM.dump/3 BIOS region/2 4F1C52D3-D824-4D2A-A2F0-EC40C23C5916/2 9E21FD93-9C72-4C15-8C4B-E77F1DB2D792/0 EE4E5898-3914-4259-9D6E-DC7BD79403CF/1 Volume image section/0 5C60F367-A505-419A-859E-2A4FF6CA6FE5/46 PchInitDxeTgl/1 PE32 image section/body.bin...
Command: /run/media/julian/ML2/Python/coreboot/coreboot/util/bios2gpio/ghidra/support/analyzeHeadless /tmp/tmpkl3wbq9u temp_ghidra_project -import /tmp/bios2gpio_hoa5_qsu/uefi_extracted/Z690-Steel-Legend_21.01.ROM.dump/3 BIOS region/2 4F1C52D3-D824-4D2A-A2F0-EC40C23C5916/2 9E21FD93-9C72-4C15-8C4B-E77F1DB2D792/0 EE4E5898-3914-4259-9D6E-DC7BD79403CF/1 Volume image section/0 5C60F367-A505-419A-859E-2A4FF6CA6FE5/46 PchInitDxeTgl/1 PE32 image section/body.bin -scriptPath /run/media/julian/ML2/Python/coreboot/coreboot/util/bios2gpio/ghidra/scripts -postScript find_gpio_tables.py -deleteProject
--- Ghidra Output ---
INFO  Using log config file: jar:file:/run/media/julian/ML2/Python/coreboot/coreboot/util/bios2gpio/ghidra/Ghidra/Framework/Generic/lib/Generic.jar!/generic.log4j.xml (LoggingInitialization)  
INFO  Using log file: /home/julian/.config/ghidra/ghidra_11.3.2_PUBLIC/application.log (LoggingInitialization)  
INFO  Loading user preferences: /home/julian/.config/ghidra/ghidra_11.3.2_PUBLIC/preferences (Preferences)  
INFO  Searching for classes... (ClassSearcher)  
INFO  Class search complete (628 ms) (ClassSearcher)  
INFO  Initializing SSL Context (SSLContextInitializer)  
INFO  Initializing Random Number Generator... (SecureRandomFactory)  
INFO  Random Number Generator initialization complete: NativePRNGNonBlocking (SecureRandomFactory)  
INFO  Trust manager disabled, cacerts have not been set (ApplicationTrustManagerFactory)  
INFO  Headless startup complete (1307 ms) (AnalyzeHeadless)  
INFO  Class searcher loaded 57 extension points (18 false positives) (ClassSearcher)  
INFO  HEADLESS Script Paths:
    /run/media/julian/ML2/Python/coreboot/coreboot/util/bios2gpio/ghidra/Ghidra/Features/Jython/ghidra_scripts
    /run/media/julian/ML2/Python/coreboot/coreboot/util/bios2gpio/ghidra/Ghidra/Features/FileFormats/ghidra_scripts
    /run/media/julian/ML2/Python/coreboot/coreboot/util/bios2gpio/ghidra/Ghidra/Features/BytePatterns/ghidra_scripts
    /run/media/julian/ML2/Python/coreboot/coreboot/util/bios2gpio/ghidra/Ghidra/Features/Base/ghidra_scripts
    /run/media/julian/ML2/Python/coreboot/coreboot/util/bios2gpio/ghidra/Ghidra/Features/DecompilerDependent/ghidra_scripts
    /run/media/julian/ML2/Python/coreboot/coreboot/util/bios2gpio/ghidra/Ghidra/Debug/Debugger/ghidra_scripts
    /run/media/julian/ML2/Python/coreboot/coreboot/util/bios2gpio/ghidra/Ghidra/Features/FunctionID/ghidra_scripts
    /run/media/julian/ML2/Python/coreboot/coreboot/util/bios2gpio/ghidra/Ghidra/Processors/DATA/ghidra_scripts
    /run/media/julian/ML2/Python/coreboot/coreboot/util/bios2gpio/ghidra/Ghidra/Features/WildcardAssembler/ghidra_scripts
    /run/media/julian/ML2/Python/coreboot/coreboot/util/bios2gpio/ghidra/Ghidra/Processors/PIC/ghidra_scripts
    /run/media/julian/ML2/Python/coreboot/coreboot/util/bios2gpio/ghidra/Ghidra/Features/PyGhidra/ghidra_scripts
    /run/media/julian/ML2/Python/coreboot/coreboot/util/bios2gpio/ghidra/Ghidra/Features/SwiftDemangler/ghidra_scripts
    /run/media/julian/ML2/Python/coreboot/coreboot/util/bios2gpio/ghidra/Ghidra/Processors/JVM/ghidra_scripts
    /run/media/julian/ML2/Python/coreboot/coreboot/util/bios2gpio/ghidra/Ghidra/Debug/Debugger-rmi-trace/ghidra_scripts
    /run/media/julian/ML2/Python/coreboot/coreboot/util/bios2gpio/ghidra/Ghidra/Features/PDB/ghidra_scripts
    /run/media/julian/ML2/Python/coreboot/coreboot/util/bios2gpio/ghidra/Ghidra/Processors/8051/ghidra_scripts
    /run/media/julian/ML2/Python/coreboot/coreboot/util/bios2gpio/ghidra/Ghidra/Features/Decompiler/ghidra_scripts
    /run/media/julian/ML2/Python/coreboot/coreboot/util/bios2gpio/ghidra/Ghidra/Features/MicrosoftCodeAnalyzer/ghidra_scripts
    /run/media/julian/ML2/Python/coreboot/coreboot/util/bios2gpio/ghidra/Ghidra/Processors/Atmel/ghidra_scripts
    /run/media/julian/ML2/Python/coreboot/coreboot/util/bios2gpio/ghidra/Ghidra/Features/BSim/ghidra_scripts
    /run/media/julian/ML2/Python/coreboot/coreboot/util/bios2gpio/ghidra/Ghidra/Features/SystemEmulation/ghidra_scripts
    /run/media/julian/ML2/Python/coreboot/coreboot/util/bios2gpio/ghidra/Ghidra/Features/GnuDemangler/ghidra_scripts
    /run/media/julian/ML2/Python/coreboot/coreboot/util/bios2gpio/ghidra/scripts
    /run/media/julian/ML2/Python/coreboot/coreboot/util/bios2gpio/ghidra/Ghidra/Features/VersionTracking/ghidra_scripts (HeadlessAnalyzer)  
INFO  HEADLESS: execution starts (HeadlessAnalyzer)  
INFO  Creating temporary project: /tmp/tmpkl3wbq9u/temp_ghidra_project (HeadlessAnalyzer)  
INFO  Creating project: /tmp/tmpkl3wbq9u/temp_ghidra_project (DefaultProject)  
INFO  REPORT: Processing input files:  (HeadlessAnalyzer)  
INFO       project: /tmp/tmpkl3wbq9u/temp_ghidra_project (HeadlessAnalyzer)  
INFO  IMPORTING: file:///tmp/bios2gpio_hoa5_qsu/uefi_extracted/Z690-Steel-Legend_21.01.ROM.dump/3 BIOS region/2 4F1C52D3-D824-4D2A-A2F0-EC40C23C5916/2 9E21FD93-9C72-4C15-8C4B-E77F1DB2D792/0 EE4E5898-3914-4259-9D6E-DC7BD79403CF/1 Volume image section/0 5C60F367-A505-419A-859E-2A4FF6CA6FE5/46 PchInitDxeTgl/1 PE32 image section/body.bin (HeadlessAnalyzer)  
WARN  Unusual file alignment: 0x20 (OptionalHeaderImpl)  
INFO  Using Loader: Portable Executable (PE) (AutoImporter)  
INFO  Using Language/Compiler: x86:LE:64:default:windows (AutoImporter)  
INFO  Using Library Search Path: [., /bin, /lib, /lib64, /lib/x86_64-linux-gnu, /lib/aarch64-linux-gnu, /usr/bin, /usr/lib, /usr/X11R6/bin, /usr/X11R6/lib, /usr/java/packages/lib, /usr/lib64] (AutoImporter)  
WARN  Unusual file alignment: 0x20 (OptionalHeaderImpl)  
WARN  File and section alignments identical - possible driver or sectionless image (PeLoader)  
INFO  Additional info:
Loading file:///tmp/bios2gpio_hoa5_qsu/uefi_extracted/Z690-Steel-Legend_21.01.ROM.dump/3 BIOS region/2 4F1C52D3-D824-4D2A-A2F0-EC40C23C5916/2 9E21FD93-9C72-4C15-8C4B-E77F1DB2D792/0 EE4E5898-3914-4259-9D6E-DC7BD79403CF/1 Volume image section/0 5C60F367-A505-419A-859E-2A4FF6CA6FE5/46 PchInitDxeTgl/1 PE32 image section/body.bin?MD5=de0405dff31570f549ee121b2efd71ae...
------------------------------------------------

 (AutoImporter)  
INFO  IMPORTING: Loaded 0 additional files (HeadlessAnalyzer)  
INFO  ANALYZING all memory and code: file:///tmp/bios2gpio_hoa5_qsu/uefi_extracted/Z690-Steel-Legend_21.01.ROM.dump/3 BIOS region/2 4F1C52D3-D824-4D2A-A2F0-EC40C23C5916/2 9E21FD93-9C72-4C15-8C4B-E77F1DB2D792/0 EE4E5898-3914-4259-9D6E-DC7BD79403CF/1 Volume image section/0 5C60F367-A505-419A-859E-2A4FF6CA6FE5/46 PchInitDxeTgl/1 PE32 image section/body.bin (HeadlessAnalyzer)  
WARN  Unusual file alignment: 0x20 (OptionalHeaderImpl)  
INFO  Skipping PDB processing: missing PDB information in program metadata (PdbUniversalAnalyzer)  
INFO  Packed database cache: /var/tmp/julian-ghidra/packed-db-cache (PackedDatabaseCache)  
INFO  Applied data type archive: windows_vs12_64 (ApplyDataArchiveAnalyzer)  
WARN  ghidra.app.script.GhidraScriptLoadException: The class could not be found. It must be the public class of the .java file: WindowsResourceReference (java file: WindowsResourceReference)  
INFO  -----------------------------------------------------
    ASCII Strings                              0.204 secs
    Apply Data Archives                        0.442 secs
    Call Convention ID                         0.001 secs
    Call-Fixup Installer                       0.001 secs
    Create Address Tables                      0.007 secs
    Create Function                            0.030 secs
    Data Reference                             0.005 secs
    Decompiler Parameter ID                    2.370 secs
    Decompiler Switch Analysis                 0.738 secs
    Demangler Microsoft                        0.006 secs
    Disassemble                                0.087 secs
    Disassemble Entry Points                   0.085 secs
    Embedded Media                             0.020 secs
    External Entry References                  0.000 secs
    Function ID                                0.041 secs
    Function Start Search                      0.003 secs
    Non-Returning Functions - Discovered       0.005 secs
    Non-Returning Functions - Known            0.001 secs
    PDB Universal                              0.001 secs
    PE Header Annotation                       0.012 secs
    Reference                                  0.011 secs
    Shared Return Calls                        0.011 secs
    Stack                                      0.134 secs
    Subroutine References                      0.009 secs
    WindowsResourceReference                   0.028 secs
    x86 Constant Reference Analyzer            0.185 secs
-----------------------------------------------------
     Total Time   4 secs
-----------------------------------------------------
 (AutoAnalysisManager)  
INFO  REPORT: Analysis succeeded for file: file:///tmp/bios2gpio_hoa5_qsu/uefi_extracted/Z690-Steel-Legend_21.01.ROM.dump/3 BIOS region/2 4F1C52D3-D824-4D2A-A2F0-EC40C23C5916/2 9E21FD93-9C72-4C15-8C4B-E77F1DB2D792/0 EE4E5898-3914-4259-9D6E-DC7BD79403CF/1 Volume image section/0 5C60F367-A505-419A-859E-2A4FF6CA6FE5/46 PchInitDxeTgl/1 PE32 image section/body.bin (HeadlessAnalyzer)  
INFO  SCRIPT: /run/media/julian/ML2/Python/coreboot/coreboot/util/bios2gpio/ghidra/scripts/find_gpio_tables.py (HeadlessAnalyzer)  
[*] Searching for GPIO table references and VGPIO_USB_0...
[*] Searching for VGPIO_USB_0 constant (0x40000480)...
[*] Found 3 potential VGPIO_USB_0 configurations:
    - 00000a2c: 0x40000002
    - 0000139c: 0x4000002b
    - 000013b8: 0x40000001

[*] Searching for GPIO initialization functions...

[*] Analysis complete. Results:
{
  "vgpio_usb_0_candidates": [
    {
      "address": "00000a2c", 
      "references": [], 
      "value": "0x40000002"
    }, 
    {
      "address": "0000139c", 
      "references": [], 
      "value": "0x4000002b"
    }, 
    {
      "address": "000013b8", 
      "references": [], 
      "value": "0x40000001"
    }
  ], 
  "table_references": [], 
  "gpio_functions": []
}

[*] Results saved to /tmp/ghidra_gpio_analysis.json
INFO  ANALYZING changes made by post scripts: file:///tmp/bios2gpio_hoa5_qsu/uefi_extracted/Z690-Steel-Legend_21.01.ROM.dump/3 BIOS region/2 4F1C52D3-D824-4D2A-A2F0-EC40C23C5916/2 9E21FD93-9C72-4C15-8C4B-E77F1DB2D792/0 EE4E5898-3914-4259-9D6E-DC7BD79403CF/1 Volume image section/0 5C60F367-A505-419A-859E-2A4FF6CA6FE5/46 PchInitDxeTgl/1 PE32 image section/body.bin (HeadlessAnalyzer)  
INFO  REPORT: Post-analysis succeeded for file: file:///tmp/bios2gpio_hoa5_qsu/uefi_extracted/Z690-Steel-Legend_21.01.ROM.dump/3 BIOS region/2 4F1C52D3-D824-4D2A-A2F0-EC40C23C5916/2 9E21FD93-9C72-4C15-8C4B-E77F1DB2D792/0 EE4E5898-3914-4259-9D6E-DC7BD79403CF/1 Volume image section/0 5C60F367-A505-419A-859E-2A4FF6CA6FE5/46 PchInitDxeTgl/1 PE32 image section/body.bin (HeadlessAnalyzer)  
INFO  REPORT: Save succeeded for: /body.bin (temp_ghidra_project:/body.bin) (HeadlessAnalyzer)  
INFO  REPORT: Import succeeded (HeadlessAnalyzer)  
INFO: Analyzing body.bin...

--- Ghidra Errors ---
openjdk version "25.0.1" 2025-10-21
OpenJDK Runtime Environment (build 25.0.1)
OpenJDK 64-Bit Server VM (build 25.0.1, mixed mode)
WARNING: A terminally deprecated method in sun.misc.Unsafe has been called
WARNING: sun.misc.Unsafe::staticFieldOffset has been called by org.apache.felix.framework.util.SecureAction (file:/run/media/julian/ML2/Python/coreboot/coreboot/util/bios2gpio/ghidra/Ghidra/Features/Base/lib/org.apache.felix.framework-7.0.5.jar)
WARNING: Please consider reporting this to the maintainers of class org.apache.felix.framework.util.SecureAction
WARNING: sun.misc.Unsafe::staticFieldOffset will be removed in a future release
ghidra.app.script.GhidraScriptLoadException: The class could not be found. It must be the public class of the .java file: WindowsResourceReference
	at ghidra.app.script.JavaScriptProvider.getScriptInstance(JavaScriptProvider.java:110)
	at ghidra.app.plugin.prototype.MicrosoftCodeAnalyzerPlugin.WindowsResourceReferenceAnalyzer.runScript(WindowsResourceReferenceAnalyzer.java:97)
	at ghidra.app.plugin.prototype.MicrosoftCodeAnalyzerPlugin.WindowsResourceReferenceAnalyzer.added(WindowsResourceReferenceAnalyzer.java:72)
	at ghidra.app.plugin.core.analysis.AnalysisScheduler.runAnalyzer(AnalysisScheduler.java:186)
	at ghidra.app.plugin.core.analysis.AnalysisTask.applyTo(AnalysisTask.java:37)
	at ghidra.app.plugin.core.analysis.AnalysisTask.applyTo(AnalysisTask.java:24)
	at ghidra.app.plugin.core.analysis.AutoAnalysisManager$AnalysisTaskWrapper.run(AutoAnalysisManager.java:660)
	at ghidra.app.plugin.core.analysis.AutoAnalysisManager.startAnalysis(AutoAnalysisManager.java:760)
	at ghidra.app.plugin.core.analysis.AutoAnalysisManager.startAnalysis(AutoAnalysisManager.java:639)
	at ghidra.app.plugin.core.analysis.AutoAnalysisManager.startAnalysis(AutoAnalysisManager.java:604)
	at ghidra.app.util.headless.HeadlessAnalyzer.analyzeProgram(HeadlessAnalyzer.java:1033)
	at ghidra.app.util.headless.HeadlessAnalyzer.processFileWithImport(HeadlessAnalyzer.java:1563)
	at ghidra.app.util.headless.HeadlessAnalyzer.processWithLoader(HeadlessAnalyzer.java:1745)
	at ghidra.app.util.headless.HeadlessAnalyzer.processWithImport(HeadlessAnalyzer.java:1686)
	at ghidra.app.util.headless.HeadlessAnalyzer.processWithImport(HeadlessAnalyzer.java:1770)
	at ghidra.app.util.headless.HeadlessAnalyzer.processLocal(HeadlessAnalyzer.java:457)
	at ghidra.app.util.headless.AnalyzeHeadless.launch(AnalyzeHeadless.java:198)
	at ghidra.GhidraLauncher.launch(GhidraLauncher.java:81)
	at ghidra.Ghidra.main(Ghidra.java:54)
Caused by: java.lang.ClassNotFoundException: WindowsResourceReference
	at org.apache.felix.framework.Felix.loadBundleClass(Felix.java:2102)
	at org.apache.felix.framework.BundleImpl.loadClass(BundleImpl.java:986)
	at ghidra.app.script.JavaScriptProvider.loadClass(JavaScriptProvider.java:161)
	at ghidra.app.script.JavaScriptProvider.getScriptInstance(JavaScriptProvider.java:96)
	... 18 more
Caused by: org.osgi.framework.BundleException: Unable to resolve d7317bdc [1](R 1.0): missing requirement [d7317bdc [1](R 1.0)] osgi.ee; (osgi.ee=UNKNOWN) Unresolved requirements: [[d7317bdc [1](R 1.0)] osgi.ee; (osgi.ee=UNKNOWN)]
	at org.apache.felix.framework.Felix.resolveBundleRevision(Felix.java:4398)
	at org.apache.felix.framework.Felix.loadBundleClass(Felix.java:2095)
	... 21 more
WARNING: A restricted method in java.lang.System has been called
WARNING: java.lang.System::load has been called by com.kenai.jffi.internal.StubLoader in an unnamed module (file:/run/media/julian/ML2/Python/coreboot/coreboot/util/bios2gpio/ghidra/Ghidra/Features/Jython/lib/jython-standalone-2.7.4.jar)
WARNING: Use --enable-native-access=ALL-UNNAMED to avoid a warning for callers in this module
WARNING: Restricted methods will be blocked in a future release unless native access is enabled



[*] Parsed Ghidra results: 3 VGPIO_USB_0 candidates, 0 GPIO functions
Running Ghidra analysis on /tmp/bios2gpio_hoa5_qsu/uefi_extracted/Z690-Steel-Legend_21.01.ROM.dump/3 BIOS region/2 4F1C52D3-D824-4D2A-A2F0-EC40C23C5916/2 9E21FD93-9C72-4C15-8C4B-E77F1DB2D792/0 EE4E5898-3914-4259-9D6E-DC7BD79403CF/1 Volume image section/0 5C60F367-A505-419A-859E-2A4FF6CA6FE5/275 PchSmiDispatcher/1 PE32 image section/body.bin...
Command: /run/media/julian/ML2/Python/coreboot/coreboot/util/bios2gpio/ghidra/support/analyzeHeadless /tmp/tmpr4z37_29 temp_ghidra_project -import /tmp/bios2gpio_hoa5_qsu/uefi_extracted/Z690-Steel-Legend_21.01.ROM.dump/3 BIOS region/2 4F1C52D3-D824-4D2A-A2F0-EC40C23C5916/2 9E21FD93-9C72-4C15-8C4B-E77F1DB2D792/0 EE4E5898-3914-4259-9D6E-DC7BD79403CF/1 Volume image section/0 5C60F367-A505-419A-859E-2A4FF6CA6FE5/275 PchSmiDispatcher/1 PE32 image section/body.bin -scriptPath /run/media/julian/ML2/Python/coreboot/coreboot/util/bios2gpio/ghidra/scripts -postScript find_gpio_tables.py -deleteProject
--- Ghidra Output ---
INFO  Using log config file: jar:file:/run/media/julian/ML2/Python/coreboot/coreboot/util/bios2gpio/ghidra/Ghidra/Framework/Generic/lib/Generic.jar!/generic.log4j.xml (LoggingInitialization)  
INFO  Using log file: /home/julian/.config/ghidra/ghidra_11.3.2_PUBLIC/application.log (LoggingInitialization)  
INFO  Loading user preferences: /home/julian/.config/ghidra/ghidra_11.3.2_PUBLIC/preferences (Preferences)  
INFO  Searching for classes... (ClassSearcher)  
INFO  Class search complete (611 ms) (ClassSearcher)  
INFO  Initializing SSL Context (SSLContextInitializer)  
INFO  Initializing Random Number Generator... (SecureRandomFactory)  
INFO  Random Number Generator initialization complete: NativePRNGNonBlocking (SecureRandomFactory)  
INFO  Trust manager disabled, cacerts have not been set (ApplicationTrustManagerFactory)  
INFO  Headless startup complete (1288 ms) (AnalyzeHeadless)  
INFO  Class searcher loaded 57 extension points (18 false positives) (ClassSearcher)  
INFO  HEADLESS Script Paths:
    /run/media/julian/ML2/Python/coreboot/coreboot/util/bios2gpio/ghidra/Ghidra/Features/Jython/ghidra_scripts
    /run/media/julian/ML2/Python/coreboot/coreboot/util/bios2gpio/ghidra/Ghidra/Features/FileFormats/ghidra_scripts
    /run/media/julian/ML2/Python/coreboot/coreboot/util/bios2gpio/ghidra/Ghidra/Features/BytePatterns/ghidra_scripts
    /run/media/julian/ML2/Python/coreboot/coreboot/util/bios2gpio/ghidra/Ghidra/Features/Base/ghidra_scripts
    /run/media/julian/ML2/Python/coreboot/coreboot/util/bios2gpio/ghidra/Ghidra/Features/DecompilerDependent/ghidra_scripts
    /run/media/julian/ML2/Python/coreboot/coreboot/util/bios2gpio/ghidra/Ghidra/Debug/Debugger/ghidra_scripts
    /run/media/julian/ML2/Python/coreboot/coreboot/util/bios2gpio/ghidra/Ghidra/Features/FunctionID/ghidra_scripts
    /run/media/julian/ML2/Python/coreboot/coreboot/util/bios2gpio/ghidra/Ghidra/Processors/DATA/ghidra_scripts
    /run/media/julian/ML2/Python/coreboot/coreboot/util/bios2gpio/ghidra/Ghidra/Features/WildcardAssembler/ghidra_scripts
    /run/media/julian/ML2/Python/coreboot/coreboot/util/bios2gpio/ghidra/Ghidra/Processors/PIC/ghidra_scripts
    /run/media/julian/ML2/Python/coreboot/coreboot/util/bios2gpio/ghidra/Ghidra/Features/PyGhidra/ghidra_scripts
    /run/media/julian/ML2/Python/coreboot/coreboot/util/bios2gpio/ghidra/Ghidra/Features/SwiftDemangler/ghidra_scripts
    /run/media/julian/ML2/Python/coreboot/coreboot/util/bios2gpio/ghidra/Ghidra/Processors/JVM/ghidra_scripts
    /run/media/julian/ML2/Python/coreboot/coreboot/util/bios2gpio/ghidra/Ghidra/Debug/Debugger-rmi-trace/ghidra_scripts
    /run/media/julian/ML2/Python/coreboot/coreboot/util/bios2gpio/ghidra/Ghidra/Features/PDB/ghidra_scripts
    /run/media/julian/ML2/Python/coreboot/coreboot/util/bios2gpio/ghidra/Ghidra/Processors/8051/ghidra_scripts
    /run/media/julian/ML2/Python/coreboot/coreboot/util/bios2gpio/ghidra/Ghidra/Features/Decompiler/ghidra_scripts
    /run/media/julian/ML2/Python/coreboot/coreboot/util/bios2gpio/ghidra/Ghidra/Features/MicrosoftCodeAnalyzer/ghidra_scripts
    /run/media/julian/ML2/Python/coreboot/coreboot/util/bios2gpio/ghidra/Ghidra/Processors/Atmel/ghidra_scripts
    /run/media/julian/ML2/Python/coreboot/coreboot/util/bios2gpio/ghidra/Ghidra/Features/BSim/ghidra_scripts
    /run/media/julian/ML2/Python/coreboot/coreboot/util/bios2gpio/ghidra/Ghidra/Features/SystemEmulation/ghidra_scripts
    /run/media/julian/ML2/Python/coreboot/coreboot/util/bios2gpio/ghidra/Ghidra/Features/GnuDemangler/ghidra_scripts
    /run/media/julian/ML2/Python/coreboot/coreboot/util/bios2gpio/ghidra/scripts
    /run/media/julian/ML2/Python/coreboot/coreboot/util/bios2gpio/ghidra/Ghidra/Features/VersionTracking/ghidra_scripts (HeadlessAnalyzer)  
INFO  HEADLESS: execution starts (HeadlessAnalyzer)  
INFO  Creating temporary project: /tmp/tmpr4z37_29/temp_ghidra_project (HeadlessAnalyzer)  
INFO  Creating project: /tmp/tmpr4z37_29/temp_ghidra_project (DefaultProject)  
INFO  REPORT: Processing input files:  (HeadlessAnalyzer)  
INFO       project: /tmp/tmpr4z37_29/temp_ghidra_project (HeadlessAnalyzer)  
INFO  IMPORTING: file:///tmp/bios2gpio_hoa5_qsu/uefi_extracted/Z690-Steel-Legend_21.01.ROM.dump/3 BIOS region/2 4F1C52D3-D824-4D2A-A2F0-EC40C23C5916/2 9E21FD93-9C72-4C15-8C4B-E77F1DB2D792/0 EE4E5898-3914-4259-9D6E-DC7BD79403CF/1 Volume image section/0 5C60F367-A505-419A-859E-2A4FF6CA6FE5/275 PchSmiDispatcher/1 PE32 image section/body.bin (HeadlessAnalyzer)  
INFO  Using Loader: Portable Executable (PE) (AutoImporter)  
INFO  Using Language/Compiler: x86:LE:64:default:windows (AutoImporter)  
INFO  Using Library Search Path: [., /bin, /lib, /lib64, /lib/x86_64-linux-gnu, /lib/aarch64-linux-gnu, /usr/bin, /usr/lib, /usr/X11R6/bin, /usr/X11R6/lib, /usr/java/packages/lib, /usr/lib64] (AutoImporter)  
INFO  Additional info:
Loading file:///tmp/bios2gpio_hoa5_qsu/uefi_extracted/Z690-Steel-Legend_21.01.ROM.dump/3 BIOS region/2 4F1C52D3-D824-4D2A-A2F0-EC40C23C5916/2 9E21FD93-9C72-4C15-8C4B-E77F1DB2D792/0 EE4E5898-3914-4259-9D6E-DC7BD79403CF/1 Volume image section/0 5C60F367-A505-419A-859E-2A4FF6CA6FE5/275 PchSmiDispatcher/1 PE32 image section/body.bin?MD5=ad788792a4328a899cfe6469de32fdca...
------------------------------------------------

 (AutoImporter)  
INFO  IMPORTING: Loaded 0 additional files (HeadlessAnalyzer)  
INFO  ANALYZING all memory and code: file:///tmp/bios2gpio_hoa5_qsu/uefi_extracted/Z690-Steel-Legend_21.01.ROM.dump/3 BIOS region/2 4F1C52D3-D824-4D2A-A2F0-EC40C23C5916/2 9E21FD93-9C72-4C15-8C4B-E77F1DB2D792/0 EE4E5898-3914-4259-9D6E-DC7BD79403CF/1 Volume image section/0 5C60F367-A505-419A-859E-2A4FF6CA6FE5/275 PchSmiDispatcher/1 PE32 image section/body.bin (HeadlessAnalyzer)  
INFO  Skipping PDB processing: missing PDB information in program metadata (PdbUniversalAnalyzer)  
INFO  Packed database cache: /var/tmp/julian-ghidra/packed-db-cache (PackedDatabaseCache)  
INFO  Applied data type archive: windows_vs12_64 (ApplyDataArchiveAnalyzer)  
WARN  ghidra.app.script.GhidraScriptLoadException: The class could not be found. It must be the public class of the .java file: WindowsResourceReference (java file: WindowsResourceReference)  
INFO  -----------------------------------------------------
    ASCII Strings                              0.190 secs
    Apply Data Archives                        0.408 secs
    Call Convention ID                         0.000 secs
    Call-Fixup Installer                       0.001 secs
    Create Address Tables                      0.011 secs
    Create Address Tables - One Time           0.021 secs
    Create Function                            0.036 secs
    Data Reference                             0.036 secs
    Decompiler Parameter ID                    2.329 secs
    Decompiler Switch Analysis                 1.183 secs
    Demangler Microsoft                        0.005 secs
    Disassemble                                0.093 secs
    Disassemble Entry Points                   0.118 secs
    Embedded Media                             0.009 secs
    External Entry References                  0.000 secs
    Function ID                                0.051 secs
    Function Start Search                      0.004 secs
    Non-Returning Functions - Discovered       0.008 secs
    Non-Returning Functions - Known            0.001 secs
    PDB Universal                              0.000 secs
    PE Header Annotation                       0.024 secs
    Reference                                  0.063 secs
    Shared Return Calls                        0.016 secs
    Stack                                      0.157 secs
    Subroutine References                      0.061 secs
    Subroutine References - One Time           0.000 secs
    WindowsResourceReference                   0.028 secs
    x86 Constant Reference Analyzer            0.280 secs
-----------------------------------------------------
     Total Time   5 secs
-----------------------------------------------------
 (AutoAnalysisManager)  
INFO  REPORT: Analysis succeeded for file: file:///tmp/bios2gpio_hoa5_qsu/uefi_extracted/Z690-Steel-Legend_21.01.ROM.dump/3 BIOS region/2 4F1C52D3-D824-4D2A-A2F0-EC40C23C5916/2 9E21FD93-9C72-4C15-8C4B-E77F1DB2D792/0 EE4E5898-3914-4259-9D6E-DC7BD79403CF/1 Volume image section/0 5C60F367-A505-419A-859E-2A4FF6CA6FE5/275 PchSmiDispatcher/1 PE32 image section/body.bin (HeadlessAnalyzer)  
INFO  SCRIPT: /run/media/julian/ML2/Python/coreboot/coreboot/util/bios2gpio/ghidra/scripts/find_gpio_tables.py (HeadlessAnalyzer)  
[*] Searching for GPIO table references and VGPIO_USB_0...
[*] Searching for VGPIO_USB_0 constant (0x40000480)...
[*] Found 2 potential VGPIO_USB_0 configurations:
    - 00006724: 0x40000000
    - 00006b6c: 0x400000bf

[*] Searching for GPIO initialization functions...

[*] Analysis complete. Results:
{
  "vgpio_usb_0_candidates": [
    {
      "address": "00006724", 
      "references": [], 
      "value": "0x40000000"
    }, 
    {
      "address": "00006b6c", 
      "references": [], 
      "value": "0x400000bf"
    }
  ], 
  "table_references": [], 
  "gpio_functions": []
}

[*] Results saved to /tmp/ghidra_gpio_analysis.json
INFO  ANALYZING changes made by post scripts: file:///tmp/bios2gpio_hoa5_qsu/uefi_extracted/Z690-Steel-Legend_21.01.ROM.dump/3 BIOS region/2 4F1C52D3-D824-4D2A-A2F0-EC40C23C5916/2 9E21FD93-9C72-4C15-8C4B-E77F1DB2D792/0 EE4E5898-3914-4259-9D6E-DC7BD79403CF/1 Volume image section/0 5C60F367-A505-419A-859E-2A4FF6CA6FE5/275 PchSmiDispatcher/1 PE32 image section/body.bin (HeadlessAnalyzer)  
INFO  REPORT: Post-analysis succeeded for file: file:///tmp/bios2gpio_hoa5_qsu/uefi_extracted/Z690-Steel-Legend_21.01.ROM.dump/3 BIOS region/2 4F1C52D3-D824-4D2A-A2F0-EC40C23C5916/2 9E21FD93-9C72-4C15-8C4B-E77F1DB2D792/0 EE4E5898-3914-4259-9D6E-DC7BD79403CF/1 Volume image section/0 5C60F367-A505-419A-859E-2A4FF6CA6FE5/275 PchSmiDispatcher/1 PE32 image section/body.bin (HeadlessAnalyzer)  
INFO  REPORT: Save succeeded for: /body.bin (temp_ghidra_project:/body.bin) (HeadlessAnalyzer)  
INFO  REPORT: Import succeeded (HeadlessAnalyzer)  
INFO: Ghidra analysis completed. Successful: 5/5
INFO: Step 2: Detecting GPIO tables...
INFO: Scanning BIOS region: /tmp/bios2gpio_hoa5_qsu/flashregion_1_bios.bin
INFO: Scanning 1 files...
INFO: SIGNATURE MATCH at offset 0x26bbc (entry size 8)
INFO:   -> Extracted 320 entries
INFO: SIGNATURE MATCH at offset 0x29f64 (entry size 8)
INFO:   -> Extracted 320 entries
INFO: SIGNATURE MATCH at offset 0x378e8 (entry size 8)
INFO:   -> Extracted 34 entries
INFO: SIGNATURE MATCH at offset 0x38db4 (entry size 8)
INFO:   -> Extracted 66 entries
INFO: SIGNATURE MATCH at offset 0xd3da8 (entry size 8)
INFO:   -> Extracted 42 entries
INFO: SIGNATURE MATCH at offset 0xd3dac (entry size 8)
INFO:   -> Extracted 37 entries
INFO: SIGNATURE MATCH at offset 0x193814 (entry size 8)
INFO:   -> Extracted 253 entries
INFO: SIGNATURE MATCH at offset 0x193874 (entry size 8)
INFO:   -> Extracted 241 entries
INFO: SIGNATURE MATCH at offset 0x1938ec (entry size 8)
INFO:   -> Extracted 226 entries
INFO: SIGNATURE MATCH at offset 0x2263d4 (entry size 8)
INFO:   -> Extracted 20 entries
INFO: SIGNATURE MATCH at offset 0x2263d8 (entry size 8)
INFO:   -> Extracted 20 entries
INFO: SIGNATURE MATCH at offset 0x2ed9c4 (entry size 8)
INFO:   -> Extracted 271 entries
INFO: Found 12 tables via signature matching (stride 8)
INFO: SIGNATURE MATCH at offset 0x2e0d4 (entry size 12)
INFO:   -> Extracted 320 entries
INFO: SIGNATURE MATCH at offset 0x378e0 (entry size 12)
INFO:   -> Extracted 23 entries
INFO: SIGNATURE MATCH at offset 0x378e8 (entry size 12)
INFO:   -> Extracted 25 entries
INFO: SIGNATURE MATCH at offset 0xd3da4 (entry size 12)
INFO:   -> Extracted 75 entries
INFO: SIGNATURE MATCH at offset 0xd3da8 (entry size 12)
INFO:   -> Extracted 21 entries
INFO: SIGNATURE MATCH at offset 0xd3dac (entry size 12)
INFO:   -> Extracted 79 entries
INFO: SIGNATURE MATCH at offset 0xd4560 (entry size 12)
INFO:   -> Extracted 56 entries
INFO: SIGNATURE MATCH at offset 0x195b6c (entry size 12)
INFO:   -> Extracted 320 entries
INFO: SIGNATURE MATCH at offset 0x195bac (entry size 12)
INFO:   -> Extracted 320 entries
INFO: SIGNATURE MATCH at offset 0x195bec (entry size 12)
INFO:   -> Extracted 320 entries
INFO: SIGNATURE MATCH at offset 0x196060 (entry size 12)
INFO:   -> Extracted 264 entries
INFO: SIGNATURE MATCH at offset 0x196308 (entry size 12)
INFO:   -> Extracted 207 entries
INFO: SIGNATURE MATCH at offset 0x196720 (entry size 12)
INFO:   -> Extracted 120 entries
INFO: SIGNATURE MATCH at offset 0x22609c (entry size 12)
INFO:   -> Extracted 44 entries
INFO: SIGNATURE MATCH at offset 0x2263d0 (entry size 12)
INFO:   -> Extracted 13 entries
INFO: SIGNATURE MATCH at offset 0x2263d4 (entry size 12)
INFO:   -> Extracted 13 entries
INFO: SIGNATURE MATCH at offset 0x2263d8 (entry size 12)
INFO:   -> Extracted 14 entries
INFO: Found 14 tables via signature matching (stride 12)
INFO: SIGNATURE MATCH at offset 0x378dc (entry size 16)
INFO:   -> Extracted 15 entries
INFO: SIGNATURE MATCH at offset 0x378e0 (entry size 16)
INFO:   -> Extracted 31 entries
INFO: SIGNATURE MATCH at offset 0x378e8 (entry size 16)
INFO:   -> Extracted 15 entries
INFO: SIGNATURE MATCH at offset 0x38dac (entry size 16)
INFO:   -> Extracted 34 entries
INFO: SIGNATURE MATCH at offset 0x38db4 (entry size 16)
INFO:   -> Extracted 33 entries
INFO: SIGNATURE MATCH at offset 0xd3da0 (entry size 16)
INFO:   -> Extracted 57 entries
INFO: SIGNATURE MATCH at offset 0xd3da4 (entry size 16)
INFO:   -> Extracted 60 entries
INFO: SIGNATURE MATCH at offset 0xd3da8 (entry size 16)
INFO:   -> Extracted 67 entries
INFO: SIGNATURE MATCH at offset 0xd3dac (entry size 16)
INFO:   -> Extracted 64 entries
INFO: SIGNATURE MATCH at offset 0x195e1c (entry size 16)
INFO:   -> Extracted 234 entries
INFO: SIGNATURE MATCH at offset 0x19622c (entry size 16)
INFO:   -> Extracted 169 entries
INFO: SIGNATURE MATCH at offset 0x2263cc (entry size 16)
INFO:   -> Extracted 57 entries
INFO: SIGNATURE MATCH at offset 0x2263d0 (entry size 16)
INFO:   -> Extracted 9 entries
INFO: SIGNATURE MATCH at offset 0x2263d4 (entry size 16)
INFO:   -> Extracted 50 entries
INFO: SIGNATURE MATCH at offset 0x2263d8 (entry size 16)
INFO:   -> Extracted 56 entries
INFO: Found 12 tables via signature matching (stride 16)
INFO: Signature matching found 13 large table(s) (>200 entries)
INFO: Running targeted VGPIO scan for small tables (10-100 entries)...
INFO: Total tables after VGPIO scan: 105
INFO: Detected 105 potential tables
INFO: Winner: Table with 253 entries (Offset 193814)
INFO: Found 67 VGPIO table(s):
INFO:   VGPIO table: 10 entries at offset 0x4e10, stride=12
INFO:   VGPIO table: 10 entries at offset 0xc41b8, stride=12
INFO:   VGPIO table: 11 entries at offset 0x2b2464, stride=16
INFO:   VGPIO table: 12 entries at offset 0x77ba8, stride=16
INFO:   VGPIO table: 13 entries at offset 0xc71b8, stride=12
INFO:   VGPIO table: 13 entries at offset 0x2e647c, stride=12
INFO:   VGPIO table: 13 entries at offset 0x79580, stride=16
INFO:   VGPIO table: 14 entries at offset 0x139f90, stride=12
INFO:   VGPIO table: 14 entries at offset 0x2eca5c, stride=12
INFO:   VGPIO table: 14 entries at offset 0x24ba00, stride=16
INFO:   VGPIO table: 36 entries at offset 0x89b74, stride=12
INFO:   VGPIO table: 36 entries at offset 0x104038, stride=12
INFO:   VGPIO table: 36 entries at offset 0x240aa0, stride=12
INFO:   VGPIO table: 36 entries at offset 0xedd40, stride=16
INFO:   VGPIO table: 36 entries at offset 0x1686cc, stride=16
INFO:   VGPIO table: 36 entries at offset 0x2ec8cc, stride=16
INFO:   VGPIO table: 37 entries at offset 0xb41e8, stride=12
INFO:   VGPIO table: 37 entries at offset 0x2d2a0c, stride=16
INFO:   VGPIO table: 38 entries at offset 0x814b4, stride=12
INFO:   VGPIO table: 38 entries at offset 0x12a228, stride=12
INFO:   VGPIO table: 38 entries at offset 0x154180, stride=12
INFO:   VGPIO table: 38 entries at offset 0x15c040, stride=12
INFO:   VGPIO table: 38 entries at offset 0x2601e0, stride=12
INFO:   VGPIO table: 38 entries at offset 0x281dac, stride=12
INFO:   VGPIO table: 38 entries at offset 0x287208, stride=12
INFO:   VGPIO table: 38 entries at offset 0xd72cc, stride=16
INFO:   VGPIO table: 39 entries at offset 0xfac38, stride=12
INFO:   VGPIO table: 39 entries at offset 0x1012b8, stride=12
INFO:   VGPIO table: 39 entries at offset 0x2415e0, stride=12
INFO:   VGPIO table: 39 entries at offset 0x2d08ec, stride=12
INFO:   VGPIO table: 39 entries at offset 0x88f94, stride=16
INFO:   VGPIO table: 39 entries at offset 0x12c8c8, stride=16
INFO:   VGPIO table: 39 entries at offset 0x13dca0, stride=16
INFO:   VGPIO table: 78 entries at offset 0x161a20, stride=12
INFO:   VGPIO table: 78 entries at offset 0x15f6e0, stride=16
INFO:   VGPIO table: 78 entries at offset 0x243500, stride=16
INFO:   VGPIO table: 78 entries at offset 0x25fec0, stride=16
INFO:   VGPIO table: 78 entries at offset 0x280f4c, stride=16
INFO:   VGPIO table: 78 entries at offset 0x2863a8, stride=16
INFO:   VGPIO table: 78 entries at offset 0x2e058c, stride=16
INFO:   VGPIO table: 79 entries at offset 0x8e334, stride=12
INFO:   VGPIO table: 79 entries at offset 0x106058, stride=12
INFO:   VGPIO table: 79 entries at offset 0x264ce0, stride=12
INFO:   VGPIO table: 79 entries at offset 0x26e220, stride=12
INFO:   VGPIO table: 79 entries at offset 0x100f98, stride=16
INFO:   VGPIO table: 79 entries at offset 0x10cf18, stride=16
INFO:   VGPIO table: 79 entries at offset 0x120840, stride=16
INFO:   VGPIO table: 79 entries at offset 0x246f00, stride=16
INFO:   VGPIO table: 79 entries at offset 0x280400, stride=16
INFO:   VGPIO table: 80 entries at offset 0x234ee0, stride=12
INFO:   VGPIO table: 81 entries at offset 0x144e20, stride=12
INFO:   VGPIO table: 81 entries at offset 0x1630a0, stride=12
INFO:   VGPIO table: 81 entries at offset 0x16a7d8, stride=12
INFO:   VGPIO table: 81 entries at offset 0x2e93bc, stride=12
INFO:   VGPIO table: 81 entries at offset 0xac688, stride=16
INFO:   VGPIO table: 81 entries at offset 0xfd618, stride=16
INFO:   VGPIO table: 81 entries at offset 0x238600, stride=16
INFO:   VGPIO table: 82 entries at offset 0x279d20, stride=12
INFO:   VGPIO table: 82 entries at offset 0x7878, stride=16
INFO:   VGPIO table: 82 entries at offset 0x9a088, stride=16
INFO:   VGPIO table: 82 entries at offset 0xe58dc, stride=16
INFO:   VGPIO table: 82 entries at offset 0x121f48, stride=16
INFO:   VGPIO table: 82 entries at offset 0x2891a8, stride=16
INFO:   VGPIO table: 82 entries at offset 0x2ad3e4, stride=16
INFO:   VGPIO table: 82 entries at offset 0x2c02a0, stride=16
INFO:   VGPIO table: 82 entries at offset 0x2c45d4, stride=16
INFO:   VGPIO table: 82 entries at offset 0x2d3e0c, stride=16
INFO: Step 3: Parsing GPIO configurations...
INFO: Parsed 253 pads from table
INFO: Detected VGPIO table: VGPIO_0 (10 entries)
INFO: Parsed 10 pads from table
INFO: Detected VGPIO table: VGPIO_0 (10 entries)
INFO: Parsed 10 pads from table
INFO: Detected VGPIO table: VGPIO_0 (11 entries)
INFO: Parsed 11 pads from table
INFO: Detected VGPIO table: VGPIO_0 (12 entries)
INFO: Parsed 12 pads from table
INFO: Detected VGPIO table: VGPIO_0 (13 entries)
INFO: Parsed 13 pads from table
INFO: Detected VGPIO table: VGPIO_0 (13 entries)
INFO: Parsed 13 pads from table
INFO: Detected VGPIO table: VGPIO_0 (13 entries)
INFO: Parsed 13 pads from table
INFO: Detected VGPIO table: VGPIO_0 (14 entries)
INFO: Parsed 14 pads from table
INFO: Detected VGPIO table: VGPIO_0 (14 entries)
INFO: Parsed 14 pads from table
INFO: Detected VGPIO table: VGPIO_0 (14 entries)
INFO: Parsed 14 pads from table
INFO: Detected VGPIO table: VGPIO (36 entries)
INFO: Parsed 36 pads from table
INFO: Detected VGPIO table: VGPIO (36 entries)
INFO: Parsed 36 pads from table
INFO: Detected VGPIO table: VGPIO (36 entries)
INFO: Parsed 36 pads from table
INFO: Detected VGPIO table: VGPIO (36 entries)
INFO: Parsed 36 pads from table
INFO: Detected VGPIO table: VGPIO (36 entries)
INFO: Parsed 36 pads from table
INFO: Detected VGPIO table: VGPIO (36 entries)
INFO: Parsed 36 pads from table
INFO: Detected VGPIO table: VGPIO (37 entries)
INFO: Parsed 37 pads from table
INFO: Detected VGPIO table: VGPIO (37 entries)
INFO: Parsed 37 pads from table
INFO: Detected VGPIO table: VGPIO (38 entries)
INFO: Parsed 38 pads from table
INFO: Detected VGPIO table: VGPIO (38 entries)
INFO: Parsed 38 pads from table
INFO: Detected VGPIO table: VGPIO (38 entries)
INFO: Parsed 38 pads from table
INFO: Detected VGPIO table: VGPIO (38 entries)
INFO: Parsed 38 pads from table
INFO: Detected VGPIO table: VGPIO (38 entries)
INFO: Parsed 38 pads from table
INFO: Detected VGPIO table: VGPIO (38 entries)
INFO: Parsed 38 pads from table
INFO: Detected VGPIO table: VGPIO (38 entries)
INFO: Parsed 38 pads from table
INFO: Detected VGPIO table: VGPIO (38 entries)
INFO: Parsed 38 pads from table
INFO: Detected VGPIO table: VGPIO (39 entries)
INFO: Parsed 39 pads from table
INFO: Detected VGPIO table: VGPIO (39 entries)
INFO: Parsed 39 pads from table
INFO: Detected VGPIO table: VGPIO (39 entries)
INFO: Parsed 39 pads from table
INFO: Detected VGPIO table: VGPIO (39 entries)
INFO: Parsed 39 pads from table
INFO: Detected VGPIO table: VGPIO (39 entries)
INFO: Parsed 39 pads from table
INFO: Detected VGPIO table: VGPIO (39 entries)
INFO: Parsed 39 pads from table
INFO: Detected VGPIO table: VGPIO (39 entries)
INFO: Parsed 39 pads from table
INFO: Detected VGPIO table: VGPIO_PCIE (78 entries)
INFO: Parsed 78 pads from table
INFO: Detected VGPIO table: VGPIO_PCIE (78 entries)
INFO: Parsed 78 pads from table
INFO: Detected VGPIO table: VGPIO_PCIE (78 entries)
INFO: Parsed 78 pads from table
INFO: Detected VGPIO table: VGPIO_PCIE (78 entries)
INFO: Parsed 78 pads from table
INFO: Detected VGPIO table: VGPIO_PCIE (78 entries)
INFO: Parsed 78 pads from table
INFO: Detected VGPIO table: VGPIO_PCIE (78 entries)
INFO: Parsed 78 pads from table
INFO: Detected VGPIO table: VGPIO_PCIE (78 entries)
INFO: Parsed 78 pads from table
INFO: Detected VGPIO table: VGPIO_PCIE (79 entries)
INFO: Parsed 79 pads from table
INFO: Detected VGPIO table: VGPIO_PCIE (79 entries)
INFO: Parsed 79 pads from table
INFO: Detected VGPIO table: VGPIO_PCIE (79 entries)
INFO: Parsed 79 pads from table
INFO: Detected VGPIO table: VGPIO_PCIE (79 entries)
INFO: Parsed 79 pads from table
INFO: Detected VGPIO table: VGPIO_PCIE (79 entries)
INFO: Parsed 79 pads from table
INFO: Detected VGPIO table: VGPIO_PCIE (79 entries)
INFO: Parsed 79 pads from table
INFO: Detected VGPIO table: VGPIO_PCIE (79 entries)
INFO: Parsed 79 pads from table
INFO: Detected VGPIO table: VGPIO_PCIE (79 entries)
INFO: Parsed 79 pads from table
INFO: Detected VGPIO table: VGPIO_PCIE (79 entries)
INFO: Parsed 79 pads from table
INFO: Detected VGPIO table: VGPIO_PCIE (80 entries)
INFO: Parsed 80 pads from table
INFO: Detected VGPIO table: VGPIO_PCIE (81 entries)
INFO: Parsed 81 pads from table
INFO: Detected VGPIO table: VGPIO_PCIE (81 entries)
INFO: Parsed 81 pads from table
INFO: Detected VGPIO table: VGPIO_PCIE (81 entries)
INFO: Parsed 81 pads from table
INFO: Detected VGPIO table: VGPIO_PCIE (81 entries)
INFO: Parsed 81 pads from table
INFO: Detected VGPIO table: VGPIO_PCIE (81 entries)
INFO: Parsed 81 pads from table
INFO: Detected VGPIO table: VGPIO_PCIE (81 entries)
INFO: Parsed 81 pads from table
INFO: Detected VGPIO table: VGPIO_PCIE (81 entries)
INFO: Parsed 81 pads from table
INFO: Detected VGPIO table: VGPIO_PCIE (82 entries)
INFO: Parsed 82 pads from table
INFO: Detected VGPIO table: VGPIO_PCIE (82 entries)
INFO: Parsed 82 pads from table
INFO: Detected VGPIO table: VGPIO_PCIE (82 entries)
INFO: Parsed 82 pads from table
INFO: Detected VGPIO table: VGPIO_PCIE (82 entries)
INFO: Parsed 82 pads from table
INFO: Detected VGPIO table: VGPIO_PCIE (82 entries)
INFO: Parsed 82 pads from table
INFO: Detected VGPIO table: VGPIO_PCIE (82 entries)
INFO: Parsed 82 pads from table
INFO: Detected VGPIO table: VGPIO_PCIE (82 entries)
INFO: Parsed 82 pads from table
INFO: Detected VGPIO table: VGPIO_PCIE (82 entries)
INFO: Parsed 82 pads from table
INFO: Detected VGPIO table: VGPIO_PCIE (82 entries)
INFO: Parsed 82 pads from table
INFO: Detected VGPIO table: VGPIO_PCIE (82 entries)
INFO: Parsed 82 pads from table
INFO: Merged to 388 unique pads from 68 table(s)
INFO: Merged to 388 unique pads
INFO: Exported GPIO data to asrock_extracted.json
INFO: Generated coreboot gpio.h at asrock_extracted.h

--- Ghidra Errors ---
openjdk version "25.0.1" 2025-10-21
OpenJDK Runtime Environment (build 25.0.1)
OpenJDK 64-Bit Server VM (build 25.0.1, mixed mode)
WARNING: A terminally deprecated method in sun.misc.Unsafe has been called
WARNING: sun.misc.Unsafe::staticFieldOffset has been called by org.apache.felix.framework.util.SecureAction (file:/run/media/julian/ML2/Python/coreboot/coreboot/util/bios2gpio/ghidra/Ghidra/Features/Base/lib/org.apache.felix.framework-7.0.5.jar)
WARNING: Please consider reporting this to the maintainers of class org.apache.felix.framework.util.SecureAction
WARNING: sun.misc.Unsafe::staticFieldOffset will be removed in a future release
ghidra.app.script.GhidraScriptLoadException: The class could not be found. It must be the public class of the .java file: WindowsResourceReference
	at ghidra.app.script.JavaScriptProvider.getScriptInstance(JavaScriptProvider.java:110)
	at ghidra.app.plugin.prototype.MicrosoftCodeAnalyzerPlugin.WindowsResourceReferenceAnalyzer.runScript(WindowsResourceReferenceAnalyzer.java:97)
	at ghidra.app.plugin.prototype.MicrosoftCodeAnalyzerPlugin.WindowsResourceReferenceAnalyzer.added(WindowsResourceReferenceAnalyzer.java:72)
	at ghidra.app.plugin.core.analysis.AnalysisScheduler.runAnalyzer(AnalysisScheduler.java:186)
	at ghidra.app.plugin.core.analysis.AnalysisTask.applyTo(AnalysisTask.java:37)
	at ghidra.app.plugin.core.analysis.AnalysisTask.applyTo(AnalysisTask.java:24)
	at ghidra.app.plugin.core.analysis.AutoAnalysisManager$AnalysisTaskWrapper.run(AutoAnalysisManager.java:660)
	at ghidra.app.plugin.core.analysis.AutoAnalysisManager.startAnalysis(AutoAnalysisManager.java:760)
	at ghidra.app.plugin.core.analysis.AutoAnalysisManager.startAnalysis(AutoAnalysisManager.java:639)
	at ghidra.app.plugin.core.analysis.AutoAnalysisManager.startAnalysis(AutoAnalysisManager.java:604)
	at ghidra.app.util.headless.HeadlessAnalyzer.analyzeProgram(HeadlessAnalyzer.java:1033)
	at ghidra.app.util.headless.HeadlessAnalyzer.processFileWithImport(HeadlessAnalyzer.java:1563)
	at ghidra.app.util.headless.HeadlessAnalyzer.processWithLoader(HeadlessAnalyzer.java:1745)
	at ghidra.app.util.headless.HeadlessAnalyzer.processWithImport(HeadlessAnalyzer.java:1686)
	at ghidra.app.util.headless.HeadlessAnalyzer.processWithImport(HeadlessAnalyzer.java:1770)
	at ghidra.app.util.headless.HeadlessAnalyzer.processLocal(HeadlessAnalyzer.java:457)
	at ghidra.app.util.headless.AnalyzeHeadless.launch(AnalyzeHeadless.java:198)
	at ghidra.GhidraLauncher.launch(GhidraLauncher.java:81)
	at ghidra.Ghidra.main(Ghidra.java:54)
Caused by: java.lang.ClassNotFoundException: WindowsResourceReference
	at org.apache.felix.framework.Felix.loadBundleClass(Felix.java:2102)
	at org.apache.felix.framework.BundleImpl.loadClass(BundleImpl.java:986)
	at ghidra.app.script.JavaScriptProvider.loadClass(JavaScriptProvider.java:161)
	at ghidra.app.script.JavaScriptProvider.getScriptInstance(JavaScriptProvider.java:96)
	... 18 more
Caused by: org.osgi.framework.BundleException: Unable to resolve d7317bdc [1](R 1.0): missing requirement [d7317bdc [1](R 1.0)] osgi.ee; (osgi.ee=UNKNOWN) Unresolved requirements: [[d7317bdc [1](R 1.0)] osgi.ee; (osgi.ee=UNKNOWN)]
	at org.apache.felix.framework.Felix.resolveBundleRevision(Felix.java:4398)
	at org.apache.felix.framework.Felix.loadBundleClass(Felix.java:2095)
	... 21 more
WARNING: A restricted method in java.lang.System has been called
WARNING: java.lang.System::load has been called by com.kenai.jffi.internal.StubLoader in an unnamed module (file:/run/media/julian/ML2/Python/coreboot/coreboot/util/bios2gpio/ghidra/Ghidra/Features/Jython/lib/jython-standalone-2.7.4.jar)
WARNING: Use --enable-native-access=ALL-UNNAMED to avoid a warning for callers in this module
WARNING: Restricted methods will be blocked in a future release unless native access is enabled



[*] Parsed Ghidra results: 2 VGPIO_USB_0 candidates, 0 GPIO functions
