INFO: bios2gpio - Extracting GPIO from E7D25IMS.1M0
INFO: Platform: alderlake
INFO: Step 1: Extracting UEFI modules...
INFO: Extracting BIOS region from /run/media/julian/ML2/Python/coreboot/coreboot/util/bios2gpio/E7D25IMS.1M0
INFO: BIOS region extracted to /tmp/bios2gpio_hzxhocd1/flashregion_1_bios.bin
INFO: UEFI modules extracted to /tmp/bios2gpio_hzxhocd1/uefi_extracted/E7D25IMS.1M0.dump
INFO: Found 128 modules matching patterns (excluding ME/Descriptor)
INFO: Step 2: Detecting GPIO tables...
INFO: Scanning BIOS region: /tmp/bios2gpio_hzxhocd1/flashregion_1_bios.bin
INFO: Scanning 1 files...
INFO: SIGNATURE MATCH at offset 0x26bbc (entry size 8)
INFO:   -> Extracted 320 entries
INFO: SIGNATURE MATCH at offset 0x29fb4 (entry size 8)
INFO:   -> Extracted 320 entries
INFO: SIGNATURE MATCH at offset 0x37948 (entry size 8)
INFO:   -> Extracted 34 entries
INFO: SIGNATURE MATCH at offset 0x38e8c (entry size 8)
INFO:   -> Extracted 66 entries
INFO: SIGNATURE MATCH at offset 0xd3db4 (entry size 8)
INFO:   -> Extracted 42 entries
INFO: SIGNATURE MATCH at offset 0xd3db8 (entry size 8)
INFO:   -> Extracted 37 entries
INFO: SIGNATURE MATCH at offset 0x193814 (entry size 8)
INFO:   -> Extracted 253 entries
INFO: SIGNATURE MATCH at offset 0x193874 (entry size 8)
INFO:   -> Extracted 241 entries
INFO: SIGNATURE MATCH at offset 0x1938ec (entry size 8)
INFO:   -> Extracted 226 entries
INFO: SIGNATURE MATCH at offset 0x22650c (entry size 8)
INFO:   -> Extracted 20 entries
INFO: SIGNATURE MATCH at offset 0x226510 (entry size 8)
INFO:   -> Extracted 20 entries
INFO: Found 11 tables via signature matching (stride 8)
INFO: SIGNATURE MATCH at offset 0x2e130 (entry size 12)
INFO:   -> Extracted 320 entries
INFO: SIGNATURE MATCH at offset 0x37940 (entry size 12)
INFO:   -> Extracted 23 entries
INFO: SIGNATURE MATCH at offset 0x37948 (entry size 12)
INFO:   -> Extracted 25 entries
INFO: SIGNATURE MATCH at offset 0xd3db0 (entry size 12)
INFO:   -> Extracted 75 entries
INFO: SIGNATURE MATCH at offset 0xd3db4 (entry size 12)
INFO:   -> Extracted 21 entries
INFO: SIGNATURE MATCH at offset 0xd3db8 (entry size 12)
INFO:   -> Extracted 79 entries
INFO: SIGNATURE MATCH at offset 0xd456c (entry size 12)
INFO:   -> Extracted 56 entries
INFO: SIGNATURE MATCH at offset 0x195b6c (entry size 12)
INFO:   -> Extracted 320 entries
INFO: SIGNATURE MATCH at offset 0x195bac (entry size 12)
INFO:   -> Extracted 320 entries
INFO: SIGNATURE MATCH at offset 0x195bec (entry size 12)
INFO:   -> Extracted 320 entries
INFO: SIGNATURE MATCH at offset 0x196060 (entry size 12)
INFO:   -> Extracted 264 entries
INFO: SIGNATURE MATCH at offset 0x196308 (entry size 12)
INFO:   -> Extracted 207 entries
INFO: SIGNATURE MATCH at offset 0x196720 (entry size 12)
INFO:   -> Extracted 120 entries
INFO: SIGNATURE MATCH at offset 0x226060 (entry size 12)
INFO:   -> Extracted 49 entries
INFO: SIGNATURE MATCH at offset 0x226508 (entry size 12)
INFO:   -> Extracted 13 entries
INFO: SIGNATURE MATCH at offset 0x22650c (entry size 12)
INFO:   -> Extracted 13 entries
INFO: SIGNATURE MATCH at offset 0x226510 (entry size 12)
INFO:   -> Extracted 14 entries
INFO: Found 14 tables via signature matching (stride 12)
INFO: SIGNATURE MATCH at offset 0x3793c (entry size 16)
INFO:   -> Extracted 15 entries
INFO: SIGNATURE MATCH at offset 0x37940 (entry size 16)
INFO:   -> Extracted 31 entries
INFO: SIGNATURE MATCH at offset 0x37948 (entry size 16)
INFO:   -> Extracted 15 entries
INFO: SIGNATURE MATCH at offset 0x38e84 (entry size 16)
INFO:   -> Extracted 105 entries
INFO: SIGNATURE MATCH at offset 0x38e8c (entry size 16)
INFO:   -> Extracted 105 entries
INFO: SIGNATURE MATCH at offset 0xd3dac (entry size 16)
INFO:   -> Extracted 57 entries
INFO: SIGNATURE MATCH at offset 0xd3db0 (entry size 16)
INFO:   -> Extracted 60 entries
INFO: SIGNATURE MATCH at offset 0xd3db4 (entry size 16)
INFO:   -> Extracted 67 entries
INFO: SIGNATURE MATCH at offset 0xd3db8 (entry size 16)
INFO:   -> Extracted 64 entries
INFO: SIGNATURE MATCH at offset 0x195e1c (entry size 16)
INFO:   -> Extracted 234 entries
INFO: SIGNATURE MATCH at offset 0x19622c (entry size 16)
INFO:   -> Extracted 169 entries
INFO: SIGNATURE MATCH at offset 0x226504 (entry size 16)
INFO:   -> Extracted 55 entries
INFO: SIGNATURE MATCH at offset 0x226508 (entry size 16)
INFO:   -> Extracted 9 entries
INFO: SIGNATURE MATCH at offset 0x22650c (entry size 16)
INFO:   -> Extracted 59 entries
INFO: SIGNATURE MATCH at offset 0x226510 (entry size 16)
INFO:   -> Extracted 52 entries
INFO: Found 12 tables via signature matching (stride 16)
INFO: Signature matching found 12 large table(s) (>200 entries)
INFO: Running targeted VGPIO scan for small tables (10-100 entries)...
DEBUG: VGPIO table detected: 38 entries, NAFVWE=60.0%, DEEP=30.0%
DEBUG: Found VGPIO table: 38 entries at offset 0x7b674, stride=12
DEBUG: VGPIO table detected: 14 entries, NAFVWE=60.0%, DEEP=10.0%
DEBUG: Found VGPIO table: 14 entries at offset 0x87024, stride=12
DEBUG: VGPIO table detected: 39 entries, NAFVWE=70.0%, DEEP=20.0%
DEBUG: Found VGPIO table: 39 entries at offset 0x87a34, stride=12
DEBUG: VGPIO table detected: 81 entries, NAFVWE=60.0%, DEEP=20.0%
DEBUG: Found VGPIO table: 81 entries at offset 0x8e3b4, stride=12
DEBUG: VGPIO table detected: 37 entries, NAFVWE=60.0%, DEEP=20.0%
DEBUG: Found VGPIO table: 37 entries at offset 0x909c4, stride=12
DEBUG: VGPIO table detected: 78 entries, NAFVWE=70.0%, DEEP=30.0%
DEBUG: Found VGPIO table: 78 entries at offset 0xef4fc, stride=12
DEBUG: VGPIO table detected: 38 entries, NAFVWE=60.0%, DEEP=10.0%
DEBUG: Found VGPIO table: 38 entries at offset 0x1013b8, stride=12
DEBUG: VGPIO table detected: 38 entries, NAFVWE=80.0%, DEEP=40.0%
DEBUG: Found VGPIO table: 38 entries at offset 0x10d2f8, stride=12
DEBUG: VGPIO table detected: 79 entries, NAFVWE=70.0%, DEEP=10.0%
DEBUG: Found VGPIO table: 79 entries at offset 0x1156b8, stride=12
DEBUG: VGPIO table detected: 39 entries, NAFVWE=60.0%, DEEP=40.0%
DEBUG: Found VGPIO table: 39 entries at offset 0x138654, stride=12
DEBUG: VGPIO table detected: 38 entries, NAFVWE=60.0%, DEEP=20.0%
DEBUG: Found VGPIO table: 38 entries at offset 0x145d70, stride=12
DEBUG: VGPIO table detected: 37 entries, NAFVWE=60.0%, DEEP=20.0%
DEBUG: Found VGPIO table: 37 entries at offset 0x154f80, stride=12
DEBUG: VGPIO table detected: 36 entries, NAFVWE=80.0%, DEEP=20.0%
DEBUG: Found VGPIO table: 36 entries at offset 0x15b7c0, stride=12
DEBUG: VGPIO table detected: 37 entries, NAFVWE=80.0%, DEEP=20.0%
DEBUG: Found VGPIO table: 37 entries at offset 0x164c00, stride=12
DEBUG: VGPIO table detected: 13 entries, NAFVWE=90.0%, DEEP=20.0%
DEBUG: Found VGPIO table: 13 entries at offset 0x16981c, stride=12
DEBUG: VGPIO table detected: 12 entries, NAFVWE=80.0%, DEEP=40.0%
DEBUG: Found VGPIO table: 12 entries at offset 0x237390, stride=12
DEBUG: VGPIO table detected: 36 entries, NAFVWE=70.0%, DEEP=10.0%
DEBUG: Found VGPIO table: 36 entries at offset 0x240aa0, stride=12
DEBUG: VGPIO table detected: 81 entries, NAFVWE=60.0%, DEEP=30.0%
DEBUG: Found VGPIO table: 81 entries at offset 0x241f40, stride=12
DEBUG: VGPIO table detected: 38 entries, NAFVWE=60.0%, DEEP=30.0%
DEBUG: Found VGPIO table: 38 entries at offset 0x243820, stride=12
DEBUG: VGPIO table detected: 39 entries, NAFVWE=60.0%, DEEP=10.0%
DEBUG: Found VGPIO table: 39 entries at offset 0x247220, stride=12
DEBUG: VGPIO table detected: 38 entries, NAFVWE=80.0%, DEEP=20.0%
DEBUG: Found VGPIO table: 38 entries at offset 0x2601e0, stride=12
DEBUG: VGPIO table detected: 79 entries, NAFVWE=70.0%, DEEP=50.0%
DEBUG: Found VGPIO table: 79 entries at offset 0x264ce0, stride=12
DEBUG: VGPIO table detected: 79 entries, NAFVWE=60.0%, DEEP=40.0%
DEBUG: Found VGPIO table: 79 entries at offset 0x26e220, stride=12
DEBUG: VGPIO table detected: 82 entries, NAFVWE=60.0%, DEEP=10.0%
DEBUG: Found VGPIO table: 82 entries at offset 0x279d20, stride=12
DEBUG: VGPIO table detected: 39 entries, NAFVWE=70.0%, DEEP=20.0%
DEBUG: Found VGPIO table: 39 entries at offset 0x280720, stride=12
DEBUG: VGPIO table detected: 38 entries, NAFVWE=70.0%, DEEP=10.0%
DEBUG: Found VGPIO table: 38 entries at offset 0x285048, stride=12
DEBUG: VGPIO table detected: 38 entries, NAFVWE=60.0%, DEEP=40.0%
DEBUG: Found VGPIO table: 38 entries at offset 0x287208, stride=12
DEBUG: VGPIO table detected: 11 entries, NAFVWE=60.0%, DEEP=10.0%
DEBUG: Found VGPIO table: 11 entries at offset 0x2bfc50, stride=12
DEBUG: VGPIO table detected: 37 entries, NAFVWE=60.0%, DEEP=40.0%
DEBUG: Found VGPIO table: 37 entries at offset 0x2cfd00, stride=12
DEBUG: VGPIO table detected: 10 entries, NAFVWE=60.0%, DEEP=20.0%
DEBUG: Found VGPIO table: 10 entries at offset 0x2d2150, stride=12
DEBUG: VGPIO table detected: 36 entries, NAFVWE=70.0%, DEEP=40.0%
DEBUG: Found VGPIO table: 36 entries at offset 0x2dabc0, stride=12
DEBUG: VGPIO table detected: 78 entries, NAFVWE=60.0%, DEEP=40.0%
DEBUG: Found VGPIO table: 78 entries at offset 0x2e1d20, stride=12
DEBUG: VGPIO table detected: 12 entries, NAFVWE=70.0%, DEEP=30.0%
DEBUG: Found VGPIO table: 12 entries at offset 0x77c28, stride=16
DEBUG: VGPIO table detected: 78 entries, NAFVWE=60.0%, DEEP=30.0%
DEBUG: Found VGPIO table: 78 entries at offset 0x7be94, stride=16
DEBUG: VGPIO table detected: 79 entries, NAFVWE=60.0%, DEEP=40.0%
DEBUG: Found VGPIO table: 79 entries at offset 0x833d4, stride=16
DEBUG: VGPIO table detected: 78 entries, NAFVWE=60.0%, DEEP=0.0%
DEBUG: Found VGPIO table: 78 entries at offset 0xb0f8c, stride=16
DEBUG: VGPIO table detected: 78 entries, NAFVWE=60.0%, DEEP=40.0%
DEBUG: Found VGPIO table: 78 entries at offset 0xb338c, stride=16
DEBUG: VGPIO table detected: 82 entries, NAFVWE=80.0%, DEEP=30.0%
DEBUG: Found VGPIO table: 82 entries at offset 0xcb3cc, stride=16
DEBUG: VGPIO table detected: 79 entries, NAFVWE=70.0%, DEEP=30.0%
DEBUG: Found VGPIO table: 79 entries at offset 0x101098, stride=16
DEBUG: VGPIO table detected: 78 entries, NAFVWE=80.0%, DEEP=30.0%
DEBUG: Found VGPIO table: 78 entries at offset 0x10cfd8, stride=16
DEBUG: VGPIO table detected: 82 entries, NAFVWE=60.0%, DEEP=40.0%
DEBUG: Found VGPIO table: 82 entries at offset 0x1269cc, stride=16
DEBUG: VGPIO table detected: 82 entries, NAFVWE=70.0%, DEEP=20.0%
DEBUG: Found VGPIO table: 82 entries at offset 0x132ca4, stride=16
DEBUG: VGPIO table detected: 78 entries, NAFVWE=70.0%, DEEP=50.0%
DEBUG: Found VGPIO table: 78 entries at offset 0x154c60, stride=16
DEBUG: VGPIO table detected: 81 entries, NAFVWE=60.0%, DEEP=10.0%
DEBUG: Found VGPIO table: 81 entries at offset 0x161020, stride=16
DEBUG: VGPIO table detected: 78 entries, NAFVWE=60.0%, DEEP=30.0%
DEBUG: Found VGPIO table: 78 entries at offset 0x1648e0, stride=16
DEBUG: VGPIO table detected: 81 entries, NAFVWE=60.0%, DEEP=10.0%
DEBUG: Found VGPIO table: 81 entries at offset 0x238600, stride=16
DEBUG: VGPIO table detected: 78 entries, NAFVWE=80.0%, DEEP=40.0%
DEBUG: Found VGPIO table: 78 entries at offset 0x23a900, stride=16
DEBUG: VGPIO table detected: 79 entries, NAFVWE=70.0%, DEEP=30.0%
DEBUG: Found VGPIO table: 79 entries at offset 0x246f00, stride=16
DEBUG: VGPIO table detected: 14 entries, NAFVWE=70.0%, DEEP=30.0%
DEBUG: Found VGPIO table: 14 entries at offset 0x24ba00, stride=16
DEBUG: VGPIO table detected: 14 entries, NAFVWE=80.0%, DEEP=20.0%
DEBUG: Found VGPIO table: 14 entries at offset 0x24c780, stride=16
DEBUG: VGPIO table detected: 78 entries, NAFVWE=70.0%, DEEP=30.0%
DEBUG: Found VGPIO table: 78 entries at offset 0x25fec0, stride=16
DEBUG: VGPIO table detected: 79 entries, NAFVWE=60.0%, DEEP=20.0%
DEBUG: Found VGPIO table: 79 entries at offset 0x280400, stride=16
DEBUG: VGPIO table detected: 78 entries, NAFVWE=60.0%, DEEP=10.0%
DEBUG: Found VGPIO table: 78 entries at offset 0x281a8c, stride=16
DEBUG: VGPIO table detected: 78 entries, NAFVWE=70.0%, DEEP=30.0%
DEBUG: Found VGPIO table: 78 entries at offset 0x286ee8, stride=16
DEBUG: VGPIO table detected: 82 entries, NAFVWE=80.0%, DEEP=40.0%
DEBUG: Found VGPIO table: 82 entries at offset 0x2ad3e4, stride=16
DEBUG: VGPIO table detected: 11 entries, NAFVWE=80.0%, DEEP=10.0%
DEBUG: Found VGPIO table: 11 entries at offset 0x2b2464, stride=16
DEBUG: VGPIO table detected: 82 entries, NAFVWE=80.0%, DEEP=10.0%
DEBUG: Found VGPIO table: 82 entries at offset 0x2c0320, stride=16
DEBUG: VGPIO table detected: 78 entries, NAFVWE=70.0%, DEEP=20.0%
DEBUG: Found VGPIO table: 78 entries at offset 0x2cf9e0, stride=16
DEBUG: VGPIO table detected: 82 entries, NAFVWE=60.0%, DEEP=30.0%
DEBUG: Found VGPIO table: 82 entries at offset 0x2d91a0, stride=16
DEBUG: VGPIO table detected: 81 entries, NAFVWE=60.0%, DEEP=30.0%
DEBUG: Found VGPIO table: 81 entries at offset 0x2d9d20, stride=16
DEBUG: VGPIO table detected: 81 entries, NAFVWE=70.0%, DEEP=50.0%
DEBUG: Found VGPIO table: 81 entries at offset 0x2db3e0, stride=16
DEBUG: VGPIO table detected: 82 entries, NAFVWE=60.0%, DEEP=60.0%
DEBUG: Found VGPIO table: 82 entries at offset 0x2e8de0, stride=16
INFO: Total tables after VGPIO scan: 99
INFO: Detected 99 potential tables
INFO: Calibrating against 252 reference pads...
INFO: Found 35 physical GPIO tables and 64 VGPIO tables
INFO: Parsed 255 pads from table
INFO: Physical GPIO Table at 26bbc (Size 320): Score 114 (45.2%)
INFO: Parsed 255 pads from table
INFO: Physical GPIO Table at 29fb4 (Size 320): Score 106 (42.1%)
INFO: Parsed 34 pads from table
INFO: Physical GPIO Table at 37948 (Size 34): Score 23 (9.1%)
INFO: Parsed 66 pads from table
INFO: Physical GPIO Table at 38e8c (Size 66): Score 27 (10.7%)
INFO: Parsed 42 pads from table
INFO: Physical GPIO Table at d3db4 (Size 42): Score 24 (9.5%)
INFO: Parsed 37 pads from table
INFO: Physical GPIO Table at d3db8 (Size 37): Score 21 (8.3%)
INFO: Parsed 253 pads from table
INFO: Physical GPIO Table at 193814 (Size 253): Score 127 (50.4%)
INFO: Parsed 241 pads from table
INFO: Physical GPIO Table at 193874 (Size 241): Score 111 (44.0%)
INFO: Parsed 226 pads from table
INFO: Physical GPIO Table at 1938ec (Size 226): Score 114 (45.2%)
INFO: Parsed 20 pads from table
INFO: Physical GPIO Table at 22650c (Size 20): Score 16 (6.3%)
INFO: Parsed 20 pads from table
INFO: Physical GPIO Table at 226510 (Size 20): Score 16 (6.3%)
INFO: Parsed 255 pads from table
INFO: Physical GPIO Table at 2e130 (Size 320): Score 111 (44.0%)
INFO: Parsed 23 pads from table
INFO: Physical GPIO Table at 37940 (Size 23): Score 19 (7.5%)
INFO: Parsed 25 pads from table
INFO: Physical GPIO Table at 37948 (Size 25): Score 18 (7.1%)
INFO: Parsed 21 pads from table
INFO: Physical GPIO Table at d3db4 (Size 21): Score 11 (4.4%)
INFO: Parsed 56 pads from table
INFO: Physical GPIO Table at d456c (Size 56): Score 25 (9.9%)
INFO: Parsed 255 pads from table
INFO: Physical GPIO Table at 195b6c (Size 320): Score 156 (61.9%)
INFO: Parsed 255 pads from table
INFO: Physical GPIO Table at 195bac (Size 320): Score 139 (55.2%)
INFO: Parsed 255 pads from table
INFO: Physical GPIO Table at 195bec (Size 320): Score 139 (55.2%)
INFO: Parsed 255 pads from table
INFO: Physical GPIO Table at 196060 (Size 264): Score 132 (52.4%)
INFO: Parsed 207 pads from table
INFO: Physical GPIO Table at 196308 (Size 207): Score 118 (46.8%)
INFO: Parsed 120 pads from table
INFO: Physical GPIO Table at 196720 (Size 120): Score 63 (25.0%)
INFO: Parsed 49 pads from table
INFO: Physical GPIO Table at 226060 (Size 49): Score 20 (7.9%)
INFO: Parsed 31 pads from table
INFO: Physical GPIO Table at 37940 (Size 31): Score 21 (8.3%)
INFO: Parsed 105 pads from table
INFO: Physical GPIO Table at 38e84 (Size 105): Score 63 (25.0%)
INFO: Parsed 105 pads from table
INFO: Physical GPIO Table at 38e8c (Size 105): Score 59 (23.4%)
INFO: Parsed 57 pads from table
INFO: Physical GPIO Table at d3dac (Size 57): Score 37 (14.7%)
INFO: Parsed 60 pads from table
INFO: Physical GPIO Table at d3db0 (Size 60): Score 36 (14.3%)
INFO: Parsed 67 pads from table
INFO: Physical GPIO Table at d3db4 (Size 67): Score 43 (17.1%)
INFO: Parsed 64 pads from table
INFO: Physical GPIO Table at d3db8 (Size 64): Score 43 (17.1%)
INFO: Parsed 234 pads from table
INFO: Physical GPIO Table at 195e1c (Size 234): Score 132 (52.4%)
INFO: Parsed 169 pads from table
INFO: Physical GPIO Table at 19622c (Size 169): Score 97 (38.5%)
INFO: Parsed 55 pads from table
INFO: Physical GPIO Table at 226504 (Size 55): Score 29 (11.5%)
INFO: Parsed 59 pads from table
INFO: Physical GPIO Table at 22650c (Size 59): Score 35 (13.9%)
INFO: Parsed 52 pads from table
INFO: Physical GPIO Table at 226510 (Size 52): Score 27 (10.7%)
INFO: Detected VGPIO table: VGPIO_0 (14 entries)
INFO: Parsed 14 pads from table
INFO: VGPIO_USB Candidate at 87024 (Size 14): Score 0/0
INFO: Detected VGPIO table: VGPIO_0 (13 entries)
INFO: Parsed 13 pads from table
INFO: VGPIO_USB Candidate at 16981c (Size 13): Score 0/0
INFO: Detected VGPIO table: VGPIO_0 (12 entries)
INFO: Parsed 12 pads from table
INFO: VGPIO_USB Candidate at 237390 (Size 12): Score 0/0
INFO: Detected VGPIO table: VGPIO_0 (11 entries)
INFO: Parsed 11 pads from table
INFO: VGPIO_USB Candidate at 2bfc50 (Size 11): Score 0/0
INFO: Detected VGPIO table: VGPIO_0 (10 entries)
INFO: Parsed 10 pads from table
INFO: VGPIO_USB Candidate at 2d2150 (Size 10): Score 0/0
INFO: Detected VGPIO table: VGPIO_0 (12 entries)
INFO: Parsed 12 pads from table
INFO: VGPIO_USB Candidate at 77c28 (Size 12): Score 0/0
INFO: Detected VGPIO table: VGPIO_0 (14 entries)
INFO: Parsed 14 pads from table
INFO: VGPIO_USB Candidate at 24ba00 (Size 14): Score 0/0
INFO: Detected VGPIO table: VGPIO_0 (14 entries)
INFO: Parsed 14 pads from table
INFO: VGPIO_USB Candidate at 24c780 (Size 14): Score 0/0
INFO: Detected VGPIO table: VGPIO_0 (11 entries)
INFO: Parsed 11 pads from table
INFO: VGPIO_USB Candidate at 2b2464 (Size 11): Score 0/0
INFO: Selected best VGPIO_USB table at 87024 with score 0
INFO: Detected VGPIO table: VGPIO (38 entries)
INFO: Parsed 38 pads from table
INFO: VGPIO Candidate at 7b674 (Size 38): Score 0/0
INFO: Detected VGPIO table: VGPIO (39 entries)
INFO: Parsed 39 pads from table
INFO: VGPIO Candidate at 87a34 (Size 39): Score 0/0
INFO: Detected VGPIO table: VGPIO (37 entries)
INFO: Parsed 37 pads from table
INFO: VGPIO Candidate at 909c4 (Size 37): Score 0/0
INFO: Detected VGPIO table: VGPIO (38 entries)
INFO: Parsed 38 pads from table
INFO: VGPIO Candidate at 1013b8 (Size 38): Score 0/0
INFO: Detected VGPIO table: VGPIO (38 entries)
INFO: Parsed 38 pads from table
INFO: VGPIO Candidate at 10d2f8 (Size 38): Score 0/0
INFO: Detected VGPIO table: VGPIO (39 entries)
INFO: Parsed 39 pads from table
INFO: VGPIO Candidate at 138654 (Size 39): Score 0/0
INFO: Detected VGPIO table: VGPIO (38 entries)
INFO: Parsed 38 pads from table
INFO: VGPIO Candidate at 145d70 (Size 38): Score 0/0
INFO: Detected VGPIO table: VGPIO (37 entries)
INFO: Parsed 37 pads from table
INFO: VGPIO Candidate at 154f80 (Size 37): Score 0/0
INFO: Detected VGPIO table: VGPIO (36 entries)
INFO: Parsed 36 pads from table
INFO: VGPIO Candidate at 15b7c0 (Size 36): Score 0/0
INFO: Detected VGPIO table: VGPIO (37 entries)
INFO: Parsed 37 pads from table
INFO: VGPIO Candidate at 164c00 (Size 37): Score 0/0
INFO: Detected VGPIO table: VGPIO (36 entries)
INFO: Parsed 36 pads from table
INFO: VGPIO Candidate at 240aa0 (Size 36): Score 0/0
INFO: Detected VGPIO table: VGPIO (38 entries)
INFO: Parsed 38 pads from table
INFO: VGPIO Candidate at 243820 (Size 38): Score 0/0
INFO: Detected VGPIO table: VGPIO (39 entries)
INFO: Parsed 39 pads from table
INFO: VGPIO Candidate at 247220 (Size 39): Score 0/0
INFO: Detected VGPIO table: VGPIO (38 entries)
INFO: Parsed 38 pads from table
INFO: VGPIO Candidate at 2601e0 (Size 38): Score 0/0
INFO: Detected VGPIO table: VGPIO (39 entries)
INFO: Parsed 39 pads from table
INFO: VGPIO Candidate at 280720 (Size 39): Score 0/0
INFO: Detected VGPIO table: VGPIO (38 entries)
INFO: Parsed 38 pads from table
INFO: VGPIO Candidate at 285048 (Size 38): Score 0/0
INFO: Detected VGPIO table: VGPIO (38 entries)
INFO: Parsed 38 pads from table
INFO: VGPIO Candidate at 287208 (Size 38): Score 0/0
INFO: Detected VGPIO table: VGPIO (37 entries)
INFO: Parsed 37 pads from table
INFO: VGPIO Candidate at 2cfd00 (Size 37): Score 0/0
INFO: Detected VGPIO table: VGPIO (36 entries)
INFO: Parsed 36 pads from table
INFO: VGPIO Candidate at 2dabc0 (Size 36): Score 0/0
INFO: Selected best VGPIO table at 7b674 with score 0
INFO: Parsed 75 pads from table
INFO: VGPIO_PCIE Candidate at d3db0 (Size 75): Score 46/74
INFO: Parsed 79 pads from table
INFO: VGPIO_PCIE Candidate at d3db8 (Size 79): Score 56/78
INFO: Detected VGPIO table: VGPIO_PCIE (81 entries)
INFO: Parsed 81 pads from table
INFO: VGPIO_PCIE Candidate at 8e3b4 (Size 81): Score 0/0
INFO: Detected VGPIO table: VGPIO_PCIE (78 entries)
INFO: Parsed 78 pads from table
INFO: VGPIO_PCIE Candidate at ef4fc (Size 78): Score 0/0
INFO: Detected VGPIO table: VGPIO_PCIE (79 entries)
INFO: Parsed 79 pads from table
INFO: VGPIO_PCIE Candidate at 1156b8 (Size 79): Score 0/0
INFO: Detected VGPIO table: VGPIO_PCIE (81 entries)
INFO: Parsed 81 pads from table
INFO: VGPIO_PCIE Candidate at 241f40 (Size 81): Score 0/0
INFO: Detected VGPIO table: VGPIO_PCIE (79 entries)
INFO: Parsed 79 pads from table
INFO: VGPIO_PCIE Candidate at 264ce0 (Size 79): Score 0/0
INFO: Detected VGPIO table: VGPIO_PCIE (79 entries)
INFO: Parsed 79 pads from table
INFO: VGPIO_PCIE Candidate at 26e220 (Size 79): Score 0/0
INFO: Detected VGPIO table: VGPIO_PCIE (82 entries)
INFO: Parsed 82 pads from table
INFO: VGPIO_PCIE Candidate at 279d20 (Size 82): Score 0/0
INFO: Detected VGPIO table: VGPIO_PCIE (78 entries)
INFO: Parsed 78 pads from table
INFO: VGPIO_PCIE Candidate at 2e1d20 (Size 78): Score 0/0
INFO: Detected VGPIO table: VGPIO_PCIE (78 entries)
INFO: Parsed 78 pads from table
INFO: VGPIO_PCIE Candidate at 7be94 (Size 78): Score 0/0
INFO: Detected VGPIO table: VGPIO_PCIE (79 entries)
INFO: Parsed 79 pads from table
INFO: VGPIO_PCIE Candidate at 833d4 (Size 79): Score 0/0
INFO: Detected VGPIO table: VGPIO_PCIE (78 entries)
INFO: Parsed 78 pads from table
INFO: VGPIO_PCIE Candidate at b0f8c (Size 78): Score 0/0
INFO: Detected VGPIO table: VGPIO_PCIE (78 entries)
INFO: Parsed 78 pads from table
INFO: VGPIO_PCIE Candidate at b338c (Size 78): Score 0/0
INFO: Detected VGPIO table: VGPIO_PCIE (82 entries)
INFO: Parsed 82 pads from table
INFO: VGPIO_PCIE Candidate at cb3cc (Size 82): Score 0/0
INFO: Detected VGPIO table: VGPIO_PCIE (79 entries)
INFO: Parsed 79 pads from table
INFO: VGPIO_PCIE Candidate at 101098 (Size 79): Score 0/0
INFO: Detected VGPIO table: VGPIO_PCIE (78 entries)
INFO: Parsed 78 pads from table
INFO: VGPIO_PCIE Candidate at 10cfd8 (Size 78): Score 0/0
INFO: Detected VGPIO table: VGPIO_PCIE (82 entries)
INFO: Parsed 82 pads from table
INFO: VGPIO_PCIE Candidate at 1269cc (Size 82): Score 0/0
INFO: Detected VGPIO table: VGPIO_PCIE (82 entries)
INFO: Parsed 82 pads from table
INFO: VGPIO_PCIE Candidate at 132ca4 (Size 82): Score 0/0
INFO: Detected VGPIO table: VGPIO_PCIE (78 entries)
INFO: Parsed 78 pads from table
INFO: VGPIO_PCIE Candidate at 154c60 (Size 78): Score 0/0
INFO: Detected VGPIO table: VGPIO_PCIE (81 entries)
INFO: Parsed 81 pads from table
INFO: VGPIO_PCIE Candidate at 161020 (Size 81): Score 0/0
INFO: Detected VGPIO table: VGPIO_PCIE (78 entries)
INFO: Parsed 78 pads from table
INFO: VGPIO_PCIE Candidate at 1648e0 (Size 78): Score 0/0
INFO: Detected VGPIO table: VGPIO_PCIE (81 entries)
INFO: Parsed 81 pads from table
INFO: VGPIO_PCIE Candidate at 238600 (Size 81): Score 0/0
INFO: Detected VGPIO table: VGPIO_PCIE (78 entries)
INFO: Parsed 78 pads from table
INFO: VGPIO_PCIE Candidate at 23a900 (Size 78): Score 0/0
INFO: Detected VGPIO table: VGPIO_PCIE (79 entries)
INFO: Parsed 79 pads from table
INFO: VGPIO_PCIE Candidate at 246f00 (Size 79): Score 0/0
INFO: Detected VGPIO table: VGPIO_PCIE (78 entries)
INFO: Parsed 78 pads from table
INFO: VGPIO_PCIE Candidate at 25fec0 (Size 78): Score 0/0
INFO: Detected VGPIO table: VGPIO_PCIE (79 entries)
INFO: Parsed 79 pads from table
INFO: VGPIO_PCIE Candidate at 280400 (Size 79): Score 0/0
INFO: Detected VGPIO table: VGPIO_PCIE (78 entries)
INFO: Parsed 78 pads from table
INFO: VGPIO_PCIE Candidate at 281a8c (Size 78): Score 0/0
INFO: Detected VGPIO table: VGPIO_PCIE (78 entries)
INFO: Parsed 78 pads from table
INFO: VGPIO_PCIE Candidate at 286ee8 (Size 78): Score 0/0
INFO: Detected VGPIO table: VGPIO_PCIE (82 entries)
INFO: Parsed 82 pads from table
INFO: VGPIO_PCIE Candidate at 2ad3e4 (Size 82): Score 0/0
INFO: Detected VGPIO table: VGPIO_PCIE (82 entries)
INFO: Parsed 82 pads from table
INFO: VGPIO_PCIE Candidate at 2c0320 (Size 82): Score 0/0
INFO: Detected VGPIO table: VGPIO_PCIE (78 entries)
INFO: Parsed 78 pads from table
INFO: VGPIO_PCIE Candidate at 2cf9e0 (Size 78): Score 0/0
INFO: Detected VGPIO table: VGPIO_PCIE (82 entries)
INFO: Parsed 82 pads from table
INFO: VGPIO_PCIE Candidate at 2d91a0 (Size 82): Score 0/0
INFO: Detected VGPIO table: VGPIO_PCIE (81 entries)
INFO: Parsed 81 pads from table
INFO: VGPIO_PCIE Candidate at 2d9d20 (Size 81): Score 0/0
INFO: Detected VGPIO table: VGPIO_PCIE (81 entries)
INFO: Parsed 81 pads from table
INFO: VGPIO_PCIE Candidate at 2db3e0 (Size 81): Score 0/0
INFO: Detected VGPIO table: VGPIO_PCIE (82 entries)
INFO: Parsed 82 pads from table
INFO: VGPIO_PCIE Candidate at 2e8de0 (Size 82): Score 0/0
INFO: Selected best VGPIO_PCIE table at d3db8 with score 56
INFO: CALIBRATION WINNER (Physical GPIO): Table at 195b6c with score 156
INFO: Using 4 tables total (1 physical + 3 VGPIO)
INFO: Step 3: Parsing GPIO configurations...
INFO: Parsed 255 pads from table
INFO: Detected VGPIO table: VGPIO_0 (14 entries)
INFO: Parsed 14 pads from table
INFO: Detected VGPIO table: VGPIO (38 entries)
INFO: Parsed 38 pads from table
INFO: Parsed 79 pads from table
DEBUG: Skipping duplicate pad: GPP_I0
DEBUG: Skipping duplicate pad: GPP_I1
DEBUG: Skipping duplicate pad: GPP_I2
DEBUG: Skipping duplicate pad: GPP_I3
DEBUG: Skipping duplicate pad: GPP_I4
DEBUG: Skipping duplicate pad: GPP_I5
DEBUG: Skipping duplicate pad: GPP_I6
DEBUG: Skipping duplicate pad: GPP_I7
DEBUG: Skipping duplicate pad: GPP_I8
DEBUG: Skipping duplicate pad: GPP_I9
DEBUG: Skipping duplicate pad: GPP_I10
DEBUG: Skipping duplicate pad: GPP_I11
DEBUG: Skipping duplicate pad: GPP_I12
DEBUG: Skipping duplicate pad: GPP_I13
DEBUG: Skipping duplicate pad: GPP_I14
DEBUG: Skipping duplicate pad: GPP_I15
DEBUG: Skipping duplicate pad: GPP_I16
DEBUG: Skipping duplicate pad: GPP_I17
DEBUG: Skipping duplicate pad: GPP_I18
DEBUG: Skipping duplicate pad: GPP_I19
DEBUG: Skipping duplicate pad: GPP_I20
DEBUG: Skipping duplicate pad: GPP_I21
DEBUG: Skipping duplicate pad: GPP_I22
DEBUG: Skipping duplicate pad: GPP_R0
DEBUG: Skipping duplicate pad: GPP_R1
DEBUG: Skipping duplicate pad: GPP_R2
DEBUG: Skipping duplicate pad: GPP_R3
DEBUG: Skipping duplicate pad: GPP_R4
DEBUG: Skipping duplicate pad: GPP_R5
DEBUG: Skipping duplicate pad: GPP_R6
DEBUG: Skipping duplicate pad: GPP_R7
DEBUG: Skipping duplicate pad: GPP_R8
DEBUG: Skipping duplicate pad: GPP_R9
DEBUG: Skipping duplicate pad: GPP_R10
DEBUG: Skipping duplicate pad: GPP_R11
DEBUG: Skipping duplicate pad: GPP_R12
DEBUG: Skipping duplicate pad: GPP_R13
DEBUG: Skipping duplicate pad: GPP_R14
DEBUG: Skipping duplicate pad: GPP_R15
DEBUG: Skipping duplicate pad: GPP_R16
DEBUG: Skipping duplicate pad: GPP_R17
DEBUG: Skipping duplicate pad: GPP_R18
DEBUG: Skipping duplicate pad: GPP_R19
DEBUG: Skipping duplicate pad: GPP_R20
DEBUG: Skipping duplicate pad: GPP_R21
DEBUG: Skipping duplicate pad: GPP_J0
DEBUG: Skipping duplicate pad: GPP_J1
DEBUG: Skipping duplicate pad: GPP_J2
DEBUG: Skipping duplicate pad: GPP_J3
DEBUG: Skipping duplicate pad: GPP_J4
DEBUG: Skipping duplicate pad: GPP_J5
DEBUG: Skipping duplicate pad: GPP_J6
DEBUG: Skipping duplicate pad: GPP_J7
DEBUG: Skipping duplicate pad: GPP_J8
DEBUG: Skipping duplicate pad: GPP_J9
DEBUG: Skipping duplicate pad: GPP_J10
DEBUG: Skipping duplicate pad: GPP_J11
DEBUG: Skipping duplicate pad: GPP_B0
DEBUG: Skipping duplicate pad: GPP_B1
DEBUG: Skipping duplicate pad: GPP_B2
DEBUG: Skipping duplicate pad: GPP_B3
DEBUG: Skipping duplicate pad: GPP_B4
DEBUG: Skipping duplicate pad: GPP_B5
DEBUG: Skipping duplicate pad: GPP_B6
DEBUG: Skipping duplicate pad: GPP_B7
DEBUG: Skipping duplicate pad: GPP_B8
DEBUG: Skipping duplicate pad: GPP_B9
DEBUG: Skipping duplicate pad: GPP_B10
DEBUG: Skipping duplicate pad: GPP_B11
DEBUG: Skipping duplicate pad: GPP_B12
DEBUG: Skipping duplicate pad: GPP_B13
DEBUG: Skipping duplicate pad: GPP_B14
DEBUG: Skipping duplicate pad: GPP_B15
DEBUG: Skipping duplicate pad: GPP_B16
DEBUG: Skipping duplicate pad: GPP_B17
DEBUG: Skipping duplicate pad: GPP_B18
DEBUG: Skipping duplicate pad: GPP_B19
DEBUG: Skipping duplicate pad: GPP_B20
DEBUG: Skipping duplicate pad: GPP_B21
INFO: Merged to 307 unique pads from 4 table(s)
INFO: Merged to 307 unique pads
INFO: Exported GPIO data to final_coverage_v2.json
INFO: Generated coreboot gpio.h at final_gpio_v2.h
