INFO: bios2gpio - Extracting GPIO from E7D25IMS.1M0
INFO: Platform: alderlake
INFO: Step 1: Extracting UEFI modules...
INFO: Extracting BIOS region from /run/media/julian/ML2/Python/coreboot/coreboot/util/bios2gpio/E7D25IMS.1M0
INFO: BIOS region extracted to /tmp/bios2gpio_my6xps6g/flashregion_1_bios.bin
INFO: UEFI modules extracted to /tmp/bios2gpio_my6xps6g/uefi_extracted/E7D25IMS.1M0.dump
INFO: Found 128 modules matching patterns (excluding ME/Descriptor)
INFO: Step 2: Detecting GPIO tables...
INFO: Scanning BIOS region: /tmp/bios2gpio_my6xps6g/flashregion_1_bios.bin
INFO: Scanning 1 files...
INFO: SIGNATURE MATCH at offset 0x26bbc (entry size 8)
INFO:   -> Extracted 320 entries
INFO: SIGNATURE MATCH at offset 0x29fb4 (entry size 8)
INFO:   -> Extracted 320 entries
INFO: SIGNATURE MATCH at offset 0x37948 (entry size 8)
INFO:   -> Extracted 34 entries
INFO: SIGNATURE MATCH at offset 0x38e8c (entry size 8)
INFO:   -> Extracted 66 entries
INFO: SIGNATURE MATCH at offset 0xd3db4 (entry size 8)
INFO:   -> Extracted 42 entries
INFO: SIGNATURE MATCH at offset 0xd3db8 (entry size 8)
INFO:   -> Extracted 37 entries
INFO: SIGNATURE MATCH at offset 0x193814 (entry size 8)
INFO:   -> Extracted 253 entries
INFO: SIGNATURE MATCH at offset 0x193874 (entry size 8)
INFO:   -> Extracted 241 entries
INFO: SIGNATURE MATCH at offset 0x1938ec (entry size 8)
INFO:   -> Extracted 226 entries
INFO: SIGNATURE MATCH at offset 0x22650c (entry size 8)
INFO:   -> Extracted 20 entries
INFO: SIGNATURE MATCH at offset 0x226510 (entry size 8)
INFO:   -> Extracted 20 entries
INFO: Found 11 tables via signature matching (stride 8)
INFO: SIGNATURE MATCH at offset 0x2e130 (entry size 12)
INFO:   -> Extracted 320 entries
INFO: SIGNATURE MATCH at offset 0x37940 (entry size 12)
INFO:   -> Extracted 23 entries
INFO: SIGNATURE MATCH at offset 0x37948 (entry size 12)
INFO:   -> Extracted 25 entries
INFO: SIGNATURE MATCH at offset 0xd3db0 (entry size 12)
INFO:   -> Extracted 75 entries
INFO: SIGNATURE MATCH at offset 0xd3db4 (entry size 12)
INFO:   -> Extracted 21 entries
INFO: SIGNATURE MATCH at offset 0xd3db8 (entry size 12)
INFO:   -> Extracted 79 entries
INFO: SIGNATURE MATCH at offset 0xd456c (entry size 12)
INFO:   -> Extracted 56 entries
INFO: SIGNATURE MATCH at offset 0x195b6c (entry size 12)
INFO:   -> Extracted 320 entries
INFO: SIGNATURE MATCH at offset 0x195bac (entry size 12)
INFO:   -> Extracted 320 entries
INFO: SIGNATURE MATCH at offset 0x195bec (entry size 12)
INFO:   -> Extracted 320 entries
INFO: SIGNATURE MATCH at offset 0x196060 (entry size 12)
INFO:   -> Extracted 264 entries
INFO: SIGNATURE MATCH at offset 0x196308 (entry size 12)
INFO:   -> Extracted 207 entries
INFO: SIGNATURE MATCH at offset 0x196720 (entry size 12)
INFO:   -> Extracted 120 entries
INFO: SIGNATURE MATCH at offset 0x226060 (entry size 12)
INFO:   -> Extracted 49 entries
INFO: SIGNATURE MATCH at offset 0x226508 (entry size 12)
INFO:   -> Extracted 13 entries
INFO: SIGNATURE MATCH at offset 0x22650c (entry size 12)
INFO:   -> Extracted 13 entries
INFO: SIGNATURE MATCH at offset 0x226510 (entry size 12)
INFO:   -> Extracted 14 entries
INFO: Found 14 tables via signature matching (stride 12)
INFO: SIGNATURE MATCH at offset 0x3793c (entry size 16)
INFO:   -> Extracted 15 entries
INFO: SIGNATURE MATCH at offset 0x37940 (entry size 16)
INFO:   -> Extracted 31 entries
INFO: SIGNATURE MATCH at offset 0x37948 (entry size 16)
INFO:   -> Extracted 15 entries
INFO: SIGNATURE MATCH at offset 0x38e84 (entry size 16)
INFO:   -> Extracted 105 entries
INFO: SIGNATURE MATCH at offset 0x38e8c (entry size 16)
INFO:   -> Extracted 105 entries
INFO: SIGNATURE MATCH at offset 0xd3dac (entry size 16)
INFO:   -> Extracted 57 entries
INFO: SIGNATURE MATCH at offset 0xd3db0 (entry size 16)
INFO:   -> Extracted 60 entries
INFO: SIGNATURE MATCH at offset 0xd3db4 (entry size 16)
INFO:   -> Extracted 67 entries
INFO: SIGNATURE MATCH at offset 0xd3db8 (entry size 16)
INFO:   -> Extracted 64 entries
INFO: SIGNATURE MATCH at offset 0x195e1c (entry size 16)
INFO:   -> Extracted 234 entries
INFO: SIGNATURE MATCH at offset 0x19622c (entry size 16)
INFO:   -> Extracted 169 entries
INFO: SIGNATURE MATCH at offset 0x226504 (entry size 16)
INFO:   -> Extracted 55 entries
INFO: SIGNATURE MATCH at offset 0x226508 (entry size 16)
INFO:   -> Extracted 9 entries
INFO: SIGNATURE MATCH at offset 0x22650c (entry size 16)
INFO:   -> Extracted 59 entries
INFO: SIGNATURE MATCH at offset 0x226510 (entry size 16)
INFO:   -> Extracted 52 entries
INFO: Found 12 tables via signature matching (stride 16)
INFO: Signature matching found 12 large table(s) (>200 entries)
INFO: Running targeted VGPIO scan for small tables (10-100 entries)...
DEBUG: VGPIO table detected: 38 entries, NAFVWE=60.0%, DEEP=30.0%
DEBUG: Found VGPIO table: 38 entries at offset 0x7b674, stride=12
DEBUG: VGPIO table detected: 14 entries, NAFVWE=60.0%, DEEP=10.0%
DEBUG: Found VGPIO table: 14 entries at offset 0x87024, stride=12
DEBUG: VGPIO table detected: 39 entries, NAFVWE=70.0%, DEEP=20.0%
DEBUG: Found VGPIO table: 39 entries at offset 0x87a34, stride=12
DEBUG: VGPIO table detected: 81 entries, NAFVWE=60.0%, DEEP=20.0%
DEBUG: Found VGPIO table: 81 entries at offset 0x8e3b4, stride=12
DEBUG: VGPIO table detected: 37 entries, NAFVWE=60.0%, DEEP=20.0%
DEBUG: Found VGPIO table: 37 entries at offset 0x909c4, stride=12
DEBUG: VGPIO table detected: 78 entries, NAFVWE=70.0%, DEEP=30.0%
DEBUG: Found VGPIO table: 78 entries at offset 0xef4fc, stride=12
DEBUG: VGPIO table detected: 38 entries, NAFVWE=60.0%, DEEP=10.0%
DEBUG: Found VGPIO table: 38 entries at offset 0x1013b8, stride=12
DEBUG: VGPIO table detected: 38 entries, NAFVWE=80.0%, DEEP=40.0%
DEBUG: Found VGPIO table: 38 entries at offset 0x10d2f8, stride=12
DEBUG: VGPIO table detected: 79 entries, NAFVWE=70.0%, DEEP=10.0%
DEBUG: Found VGPIO table: 79 entries at offset 0x1156b8, stride=12
DEBUG: VGPIO table detected: 39 entries, NAFVWE=60.0%, DEEP=40.0%
DEBUG: Found VGPIO table: 39 entries at offset 0x138654, stride=12
DEBUG: VGPIO table detected: 38 entries, NAFVWE=60.0%, DEEP=20.0%
DEBUG: Found VGPIO table: 38 entries at offset 0x145d70, stride=12
DEBUG: VGPIO table detected: 37 entries, NAFVWE=60.0%, DEEP=20.0%
DEBUG: Found VGPIO table: 37 entries at offset 0x154f80, stride=12
DEBUG: VGPIO table detected: 36 entries, NAFVWE=80.0%, DEEP=20.0%
DEBUG: Found VGPIO table: 36 entries at offset 0x15b7c0, stride=12
DEBUG: VGPIO table detected: 37 entries, NAFVWE=80.0%, DEEP=20.0%
DEBUG: Found VGPIO table: 37 entries at offset 0x164c00, stride=12
DEBUG: VGPIO table detected: 13 entries, NAFVWE=90.0%, DEEP=20.0%
DEBUG: Found VGPIO table: 13 entries at offset 0x16981c, stride=12
DEBUG: VGPIO table detected: 12 entries, NAFVWE=80.0%, DEEP=40.0%
DEBUG: Found VGPIO table: 12 entries at offset 0x237390, stride=12
DEBUG: VGPIO table detected: 36 entries, NAFVWE=70.0%, DEEP=10.0%
DEBUG: Found VGPIO table: 36 entries at offset 0x240aa0, stride=12
DEBUG: VGPIO table detected: 81 entries, NAFVWE=60.0%, DEEP=30.0%
DEBUG: Found VGPIO table: 81 entries at offset 0x241f40, stride=12
DEBUG: VGPIO table detected: 38 entries, NAFVWE=60.0%, DEEP=30.0%
DEBUG: Found VGPIO table: 38 entries at offset 0x243820, stride=12
DEBUG: VGPIO table detected: 39 entries, NAFVWE=60.0%, DEEP=10.0%
DEBUG: Found VGPIO table: 39 entries at offset 0x247220, stride=12
DEBUG: VGPIO table detected: 38 entries, NAFVWE=80.0%, DEEP=20.0%
DEBUG: Found VGPIO table: 38 entries at offset 0x2601e0, stride=12
DEBUG: VGPIO table detected: 79 entries, NAFVWE=70.0%, DEEP=50.0%
DEBUG: Found VGPIO table: 79 entries at offset 0x264ce0, stride=12
DEBUG: VGPIO table detected: 79 entries, NAFVWE=60.0%, DEEP=40.0%
DEBUG: Found VGPIO table: 79 entries at offset 0x26e220, stride=12
DEBUG: VGPIO table detected: 82 entries, NAFVWE=60.0%, DEEP=10.0%
DEBUG: Found VGPIO table: 82 entries at offset 0x279d20, stride=12
DEBUG: VGPIO table detected: 39 entries, NAFVWE=70.0%, DEEP=20.0%
DEBUG: Found VGPIO table: 39 entries at offset 0x280720, stride=12
DEBUG: VGPIO table detected: 38 entries, NAFVWE=70.0%, DEEP=10.0%
DEBUG: Found VGPIO table: 38 entries at offset 0x285048, stride=12
DEBUG: VGPIO table detected: 38 entries, NAFVWE=60.0%, DEEP=40.0%
DEBUG: Found VGPIO table: 38 entries at offset 0x287208, stride=12
DEBUG: VGPIO table detected: 11 entries, NAFVWE=60.0%, DEEP=10.0%
DEBUG: Found VGPIO table: 11 entries at offset 0x2bfc50, stride=12
DEBUG: VGPIO table detected: 37 entries, NAFVWE=60.0%, DEEP=40.0%
DEBUG: Found VGPIO table: 37 entries at offset 0x2cfd00, stride=12
DEBUG: VGPIO table detected: 10 entries, NAFVWE=60.0%, DEEP=20.0%
DEBUG: Found VGPIO table: 10 entries at offset 0x2d2150, stride=12
DEBUG: VGPIO table detected: 36 entries, NAFVWE=70.0%, DEEP=40.0%
DEBUG: Found VGPIO table: 36 entries at offset 0x2dabc0, stride=12
DEBUG: VGPIO table detected: 78 entries, NAFVWE=60.0%, DEEP=40.0%
DEBUG: Found VGPIO table: 78 entries at offset 0x2e1d20, stride=12
DEBUG: VGPIO table detected: 12 entries, NAFVWE=70.0%, DEEP=30.0%
DEBUG: Found VGPIO table: 12 entries at offset 0x77c28, stride=16
DEBUG: VGPIO table detected: 78 entries, NAFVWE=60.0%, DEEP=30.0%
DEBUG: Found VGPIO table: 78 entries at offset 0x7be94, stride=16
DEBUG: VGPIO table detected: 79 entries, NAFVWE=60.0%, DEEP=40.0%
DEBUG: Found VGPIO table: 79 entries at offset 0x833d4, stride=16
DEBUG: VGPIO table detected: 78 entries, NAFVWE=60.0%, DEEP=0.0%
DEBUG: Found VGPIO table: 78 entries at offset 0xb0f8c, stride=16
DEBUG: VGPIO table detected: 78 entries, NAFVWE=60.0%, DEEP=40.0%
DEBUG: Found VGPIO table: 78 entries at offset 0xb338c, stride=16
DEBUG: VGPIO table detected: 82 entries, NAFVWE=80.0%, DEEP=30.0%
DEBUG: Found VGPIO table: 82 entries at offset 0xcb3cc, stride=16
DEBUG: VGPIO table detected: 79 entries, NAFVWE=70.0%, DEEP=30.0%
DEBUG: Found VGPIO table: 79 entries at offset 0x101098, stride=16
DEBUG: VGPIO table detected: 78 entries, NAFVWE=80.0%, DEEP=30.0%
DEBUG: Found VGPIO table: 78 entries at offset 0x10cfd8, stride=16
DEBUG: VGPIO table detected: 82 entries, NAFVWE=60.0%, DEEP=40.0%
DEBUG: Found VGPIO table: 82 entries at offset 0x1269cc, stride=16
DEBUG: VGPIO table detected: 82 entries, NAFVWE=70.0%, DEEP=20.0%
DEBUG: Found VGPIO table: 82 entries at offset 0x132ca4, stride=16
DEBUG: VGPIO table detected: 78 entries, NAFVWE=70.0%, DEEP=50.0%
DEBUG: Found VGPIO table: 78 entries at offset 0x154c60, stride=16
DEBUG: VGPIO table detected: 81 entries, NAFVWE=60.0%, DEEP=10.0%
DEBUG: Found VGPIO table: 81 entries at offset 0x161020, stride=16
DEBUG: VGPIO table detected: 78 entries, NAFVWE=60.0%, DEEP=30.0%
DEBUG: Found VGPIO table: 78 entries at offset 0x1648e0, stride=16
DEBUG: VGPIO table detected: 81 entries, NAFVWE=60.0%, DEEP=10.0%
DEBUG: Found VGPIO table: 81 entries at offset 0x238600, stride=16
DEBUG: VGPIO table detected: 78 entries, NAFVWE=80.0%, DEEP=40.0%
DEBUG: Found VGPIO table: 78 entries at offset 0x23a900, stride=16
DEBUG: VGPIO table detected: 79 entries, NAFVWE=70.0%, DEEP=30.0%
DEBUG: Found VGPIO table: 79 entries at offset 0x246f00, stride=16
DEBUG: VGPIO table detected: 14 entries, NAFVWE=70.0%, DEEP=30.0%
DEBUG: Found VGPIO table: 14 entries at offset 0x24ba00, stride=16
DEBUG: VGPIO table detected: 14 entries, NAFVWE=80.0%, DEEP=20.0%
DEBUG: Found VGPIO table: 14 entries at offset 0x24c780, stride=16
DEBUG: VGPIO table detected: 78 entries, NAFVWE=70.0%, DEEP=30.0%
DEBUG: Found VGPIO table: 78 entries at offset 0x25fec0, stride=16
DEBUG: VGPIO table detected: 79 entries, NAFVWE=60.0%, DEEP=20.0%
DEBUG: Found VGPIO table: 79 entries at offset 0x280400, stride=16
DEBUG: VGPIO table detected: 78 entries, NAFVWE=60.0%, DEEP=10.0%
DEBUG: Found VGPIO table: 78 entries at offset 0x281a8c, stride=16
DEBUG: VGPIO table detected: 78 entries, NAFVWE=70.0%, DEEP=30.0%
DEBUG: Found VGPIO table: 78 entries at offset 0x286ee8, stride=16
DEBUG: VGPIO table detected: 82 entries, NAFVWE=80.0%, DEEP=40.0%
DEBUG: Found VGPIO table: 82 entries at offset 0x2ad3e4, stride=16
DEBUG: VGPIO table detected: 11 entries, NAFVWE=80.0%, DEEP=10.0%
DEBUG: Found VGPIO table: 11 entries at offset 0x2b2464, stride=16
DEBUG: VGPIO table detected: 82 entries, NAFVWE=80.0%, DEEP=10.0%
DEBUG: Found VGPIO table: 82 entries at offset 0x2c0320, stride=16
DEBUG: VGPIO table detected: 78 entries, NAFVWE=70.0%, DEEP=20.0%
DEBUG: Found VGPIO table: 78 entries at offset 0x2cf9e0, stride=16
DEBUG: VGPIO table detected: 82 entries, NAFVWE=60.0%, DEEP=30.0%
DEBUG: Found VGPIO table: 82 entries at offset 0x2d91a0, stride=16
DEBUG: VGPIO table detected: 81 entries, NAFVWE=60.0%, DEEP=30.0%
DEBUG: Found VGPIO table: 81 entries at offset 0x2d9d20, stride=16
DEBUG: VGPIO table detected: 81 entries, NAFVWE=70.0%, DEEP=50.0%
DEBUG: Found VGPIO table: 81 entries at offset 0x2db3e0, stride=16
DEBUG: VGPIO table detected: 82 entries, NAFVWE=60.0%, DEEP=60.0%
DEBUG: Found VGPIO table: 82 entries at offset 0x2e8de0, stride=16
INFO: Total tables after VGPIO scan: 99
INFO: Detected 99 potential tables
INFO: Calibrating against 367 reference pads...
INFO: Found 35 physical GPIO tables and 64 VGPIO tables
INFO: Parsed 255 pads from table
INFO: Parsed 255 pads from table
INFO: Parsed 34 pads from table
INFO: Parsed 66 pads from table
INFO: Parsed 42 pads from table
INFO: Parsed 37 pads from table
INFO: Parsed 253 pads from table
INFO: Parsed 241 pads from table
INFO: Parsed 226 pads from table
INFO: Parsed 20 pads from table
INFO: Parsed 20 pads from table
INFO: Parsed 255 pads from table
INFO: Parsed 23 pads from table
INFO: Parsed 25 pads from table
INFO: Parsed 21 pads from table
INFO: Parsed 56 pads from table
INFO: Parsed 255 pads from table
INFO: Parsed 255 pads from table
INFO: Parsed 255 pads from table
INFO: Parsed 255 pads from table
INFO: Parsed 207 pads from table
INFO: Parsed 120 pads from table
INFO: Parsed 49 pads from table
INFO: Parsed 31 pads from table
INFO: Parsed 105 pads from table
INFO: Parsed 105 pads from table
INFO: Parsed 57 pads from table
INFO: Parsed 60 pads from table
INFO: Parsed 67 pads from table
INFO: Parsed 64 pads from table
INFO: Parsed 234 pads from table
INFO: Parsed 169 pads from table
INFO: Parsed 55 pads from table
INFO: Parsed 59 pads from table
INFO: Parsed 52 pads from table
ERROR: Error: name 'json' is not defined
Traceback (most recent call last):
  File "/run/media/julian/ML2/Python/coreboot/coreboot/util/bios2gpio/bios2gpio.py", line 277, in main
    json.dump(all_phys_data, f, indent=2)
    ^^^^
NameError: name 'json' is not defined. Did you forget to import 'json'?
